<?xml version="1.0" encoding="UTF-8"?>
<testsuite xmlns:xsi="http://www.w3.org/2001/XMLSchema-instance" xsi:noNamespaceSchemaLocation="https://maven.apache.org/surefire/maven-surefire-plugin/xsd/surefire-test-report-3.0.xsd" version="3.0" name="com.insuretech.pms.PmsApplicationTests" time="10.217" tests="1" errors="0" skipped="0" failures="0">
  <properties>
[...]
</properties>
  <testcase name="contextLoads" classname="com.insuretech.pms.PmsApplicationTests" time="0.419">
    <system-out><![CDATA[16:29:33.078 [main] INFO org.springframework.test.context.support.AnnotationConfigContextLoaderUtils -- Could not detect default configuration classes for test class [com.insuretech.pms.PmsApplicationTests]: PmsApplicationTests does not declare any static, non-private, non-final, nested classes annotated with @Configuration.
16:29:33.181 [main] INFO org.springframework.boot.test.context.SpringBootTestContextBootstrapper -- Found @SpringBootConfiguration com.insuretech.pms.PmsApplication for test class com.insuretech.pms.PmsApplicationTests
16:29:33.300 [main] INFO org.springframework.boot.devtools.restart.RestartApplicationListener -- Restart disabled due to context in which it is running

  .   ____          _            __ _ _
 /\\ / ___'_ __ _ _(_)_ __  __ _ \ \ \ \
( ( )\___ | '_ | '_| | '_ \/ _` | \ \ \ \
 \\/  ___)| |_)| | | | | || (_| |  ) ) ) )
  '  |____| .__|_| |_|_| |_\__, | / / / /
 =========|_|==============|___/=/_/_/_/
 :: Spring Boot ::                (v3.2.1)

2026-01-03T16:29:33.570+09:00  WARN 13544 --- [pms-backend] [           main] ory$DuplicateJsonObjectContextCustomizer : 

Found multiple occurrences of org.json.JSONObject on the class path:

	jar:file:/root/.m2/repository/org/json/json/20231013/json-20231013.jar!/org/json/JSONObject.class
	jar:file:/root/.m2/repository/com/vaadin/external/google/android-json/0.0.20131108.vaadin1/android-json-0.0.20131108.vaadin1.jar!/org/json/JSONObject.class

You may wish to exclude one of them to ensure predictable runtime behavior

2026-01-03T16:29:33.580+09:00  INFO 13544 --- [pms-backend] [           main] com.insuretech.pms.PmsApplicationTests   : Starting PmsApplicationTests using Java 21.0.9 with PID 13544 (started by root in /wp/PMS_IC/PMS_IC_BackEnd_v1.2)
2026-01-03T16:29:33.580+09:00 DEBUG 13544 --- [pms-backend] [           main] com.insuretech.pms.PmsApplicationTests   : Running with Spring Boot v3.2.1, Spring v6.1.2
2026-01-03T16:29:33.581+09:00  INFO 13544 --- [pms-backend] [           main] com.insuretech.pms.PmsApplicationTests   : The following 1 profile is active: "test"
2026-01-03T16:29:34.756+09:00  INFO 13544 --- [pms-backend] [           main] .s.d.r.c.RepositoryConfigurationDelegate : Multiple Spring Data modules found, entering strict repository configuration mode
2026-01-03T16:29:34.757+09:00  INFO 13544 --- [pms-backend] [           main] .s.d.r.c.RepositoryConfigurationDelegate : Bootstrapping Spring Data JPA repositories in DEFAULT mode.
2026-01-03T16:29:34.919+09:00  INFO 13544 --- [pms-backend] [           main] .s.d.r.c.RepositoryConfigurationDelegate : Finished Spring Data repository scanning in 156 ms. Found 14 JPA repository interfaces.
2026-01-03T16:29:34.933+09:00  INFO 13544 --- [pms-backend] [           main] .s.d.r.c.RepositoryConfigurationDelegate : Multiple Spring Data modules found, entering strict repository configuration mode
2026-01-03T16:29:34.934+09:00  INFO 13544 --- [pms-backend] [           main] .s.d.r.c.RepositoryConfigurationDelegate : Bootstrapping Spring Data Redis repositories in DEFAULT mode.
2026-01-03T16:29:34.949+09:00  INFO 13544 --- [pms-backend] [           main] .RepositoryConfigurationExtensionSupport : Spring Data Redis - Could not safely identify store assignment for repository candidate interface com.insuretech.pms.auth.repository.PermissionRepository; If you want this repository to be a Redis repository, consider annotating your entities with one of these annotations: org.springframework.data.redis.core.RedisHash (preferred), or consider extending one of the following types with your repository: org.springframework.data.keyvalue.repository.KeyValueRepository
2026-01-03T16:29:34.950+09:00  INFO 13544 --- [pms-backend] [           main] .RepositoryConfigurationExtensionSupport : Spring Data Redis - Could not safely identify store assignment for repository candidate interface com.insuretech.pms.auth.repository.RolePermissionRepository; If you want this repository to be a Redis repository, consider annotating your entities with one of these annotations: org.springframework.data.redis.core.RedisHash (preferred), or consider extending one of the following types with your repository: org.springframework.data.keyvalue.repository.KeyValueRepository
2026-01-03T16:29:34.951+09:00  INFO 13544 --- [pms-backend] [           main] .RepositoryConfigurationExtensionSupport : Spring Data Redis - Could not safely identify store assignment for repository candidate interface com.insuretech.pms.auth.repository.UserRepository; If you want this repository to be a Redis repository, consider annotating your entities with one of these annotations: org.springframework.data.redis.core.RedisHash (preferred), or consider extending one of the following types with your repository: org.springframework.data.keyvalue.repository.KeyValueRepository
2026-01-03T16:29:34.951+09:00  INFO 13544 --- [pms-backend] [           main] .RepositoryConfigurationExtensionSupport : Spring Data Redis - Could not safely identify store assignment for repository candidate interface com.insuretech.pms.chat.repository.ChatMessageRepository; If you want this repository to be a Redis repository, consider annotating your entities with one of these annotations: org.springframework.data.redis.core.RedisHash (preferred), or consider extending one of the following types with your repository: org.springframework.data.keyvalue.repository.KeyValueRepository
2026-01-03T16:29:34.952+09:00  INFO 13544 --- [pms-backend] [           main] .RepositoryConfigurationExtensionSupport : Spring Data Redis - Could not safely identify store assignment for repository candidate interface com.insuretech.pms.chat.repository.ChatSessionRepository; If you want this repository to be a Redis repository, consider annotating your entities with one of these annotations: org.springframework.data.redis.core.RedisHash (preferred), or consider extending one of the following types with your repository: org.springframework.data.keyvalue.repository.KeyValueRepository
2026-01-03T16:29:34.952+09:00  INFO 13544 --- [pms-backend] [           main] .RepositoryConfigurationExtensionSupport : Spring Data Redis - Could not safely identify store assignment for repository candidate interface com.insuretech.pms.project.repository.DeliverableRepository; If you want this repository to be a Redis repository, consider annotating your entities with one of these annotations: org.springframework.data.redis.core.RedisHash (preferred), or consider extending one of the following types with your repository: org.springframework.data.keyvalue.repository.KeyValueRepository
2026-01-03T16:29:34.952+09:00  INFO 13544 --- [pms-backend] [           main] .RepositoryConfigurationExtensionSupport : Spring Data Redis - Could not safely identify store assignment for repository candidate interface com.insuretech.pms.project.repository.KpiRepository; If you want this repository to be a Redis repository, consider annotating your entities with one of these annotations: org.springframework.data.redis.core.RedisHash (preferred), or consider extending one of the following types with your repository: org.springframework.data.keyvalue.repository.KeyValueRepository
2026-01-03T16:29:34.953+09:00  INFO 13544 --- [pms-backend] [           main] .RepositoryConfigurationExtensionSupport : Spring Data Redis - Could not safely identify store assignment for repository candidate interface com.insuretech.pms.project.repository.PhaseGateRepository; If you want this repository to be a Redis repository, consider annotating your entities with one of these annotations: org.springframework.data.redis.core.RedisHash (preferred), or consider extending one of the following types with your repository: org.springframework.data.keyvalue.repository.KeyValueRepository
2026-01-03T16:29:34.953+09:00  INFO 13544 --- [pms-backend] [           main] .RepositoryConfigurationExtensionSupport : Spring Data Redis - Could not safely identify store assignment for repository candidate interface com.insuretech.pms.project.repository.PhaseRepository; If you want this repository to be a Redis repository, consider annotating your entities with one of these annotations: org.springframework.data.redis.core.RedisHash (preferred), or consider extending one of the following types with your repository: org.springframework.data.keyvalue.repository.KeyValueRepository
2026-01-03T16:29:34.953+09:00  INFO 13544 --- [pms-backend] [           main] .RepositoryConfigurationExtensionSupport : Spring Data Redis - Could not safely identify store assignment for repository candidate interface com.insuretech.pms.project.repository.ProjectRepository; If you want this repository to be a Redis repository, consider annotating your entities with one of these annotations: org.springframework.data.redis.core.RedisHash (preferred), or consider extending one of the following types with your repository: org.springframework.data.keyvalue.repository.KeyValueRepository
2026-01-03T16:29:34.953+09:00  INFO 13544 --- [pms-backend] [           main] .RepositoryConfigurationExtensionSupport : Spring Data Redis - Could not safely identify store assignment for repository candidate interface com.insuretech.pms.task.repository.KanbanColumnRepository; If you want this repository to be a Redis repository, consider annotating your entities with one of these annotations: org.springframework.data.redis.core.RedisHash (preferred), or consider extending one of the following types with your repository: org.springframework.data.keyvalue.repository.KeyValueRepository
2026-01-03T16:29:34.954+09:00  INFO 13544 --- [pms-backend] [           main] .RepositoryConfigurationExtensionSupport : Spring Data Redis - Could not safely identify store assignment for repository candidate interface com.insuretech.pms.task.repository.SprintRepository; If you want this repository to be a Redis repository, consider annotating your entities with one of these annotations: org.springframework.data.redis.core.RedisHash (preferred), or consider extending one of the following types with your repository: org.springframework.data.keyvalue.repository.KeyValueRepository
2026-01-03T16:29:34.954+09:00  INFO 13544 --- [pms-backend] [           main] .RepositoryConfigurationExtensionSupport : Spring Data Redis - Could not safely identify store assignment for repository candidate interface com.insuretech.pms.task.repository.TaskRepository; If you want this repository to be a Redis repository, consider annotating your entities with one of these annotations: org.springframework.data.redis.core.RedisHash (preferred), or consider extending one of the following types with your repository: org.springframework.data.keyvalue.repository.KeyValueRepository
2026-01-03T16:29:34.954+09:00  INFO 13544 --- [pms-backend] [           main] .RepositoryConfigurationExtensionSupport : Spring Data Redis - Could not safely identify store assignment for repository candidate interface com.insuretech.pms.task.repository.UserStoryRepository; If you want this repository to be a Redis repository, consider annotating your entities with one of these annotations: org.springframework.data.redis.core.RedisHash (preferred), or consider extending one of the following types with your repository: org.springframework.data.keyvalue.repository.KeyValueRepository
2026-01-03T16:29:34.955+09:00  INFO 13544 --- [pms-backend] [           main] .s.d.r.c.RepositoryConfigurationDelegate : Finished Spring Data repository scanning in 14 ms. Found 0 Redis repository interfaces.
2026-01-03T16:29:35.800+09:00  INFO 13544 --- [pms-backend] [           main] com.zaxxer.hikari.HikariDataSource       : HikariPool-1 - Starting...
2026-01-03T16:29:35.941+09:00  INFO 13544 --- [pms-backend] [           main] com.zaxxer.hikari.pool.HikariPool        : HikariPool-1 - Added connection conn0: url=jdbc:h2:mem:testdb user=SA
2026-01-03T16:29:35.942+09:00  INFO 13544 --- [pms-backend] [           main] com.zaxxer.hikari.HikariDataSource       : HikariPool-1 - Start completed.
2026-01-03T16:29:36.078+09:00  INFO 13544 --- [pms-backend] [           main] o.hibernate.jpa.internal.util.LogHelper  : HHH000204: Processing PersistenceUnitInfo [name: default]
2026-01-03T16:29:36.118+09:00  INFO 13544 --- [pms-backend] [           main] org.hibernate.Version                    : HHH000412: Hibernate ORM core version 6.4.1.Final
2026-01-03T16:29:36.147+09:00  INFO 13544 --- [pms-backend] [           main] o.h.c.internal.RegionFactoryInitiator    : HHH000026: Second-level cache disabled
2026-01-03T16:29:36.293+09:00  INFO 13544 --- [pms-backend] [           main] o.s.o.j.p.SpringPersistenceUnitInfo      : No LoadTimeWeaver setup: ignoring JPA class transformer
2026-01-03T16:29:36.323+09:00  WARN 13544 --- [pms-backend] [           main] org.hibernate.orm.deprecation            : HHH90000025: H2Dialect does not need to be specified explicitly using 'hibernate.dialect' (remove the property setting and it will be selected by default)
2026-01-03T16:29:37.514+09:00  INFO 13544 --- [pms-backend] [           main] o.h.e.t.j.p.i.JtaPlatformInitiator       : HHH000489: No JTA platform available (set 'hibernate.transaction.jta.platform' to enable JTA platform integration)
2026-01-03T16:29:37.523+09:00 DEBUG 13544 --- [pms-backend] [           main] org.hibernate.SQL                        : 
    drop table if exists auth.permissions cascade 
2026-01-03T16:29:37.523+09:00 DEBUG 13544 --- [pms-backend] [           main] org.hibernate.SQL                        : 
    drop table if exists auth.role_permissions cascade 
2026-01-03T16:29:37.524+09:00 DEBUG 13544 --- [pms-backend] [           main] org.hibernate.SQL                        : 
    drop table if exists auth.users cascade 
2026-01-03T16:29:37.524+09:00 DEBUG 13544 --- [pms-backend] [           main] org.hibernate.SQL                        : 
    drop table if exists chat.chat_messages cascade 
2026-01-03T16:29:37.524+09:00 DEBUG 13544 --- [pms-backend] [           main] org.hibernate.SQL                        : 
    drop table if exists chat.chat_sessions cascade 
2026-01-03T16:29:37.525+09:00 DEBUG 13544 --- [pms-backend] [           main] org.hibernate.SQL                        : 
    drop table if exists project.deliverables cascade 
2026-01-03T16:29:37.525+09:00 DEBUG 13544 --- [pms-backend] [           main] org.hibernate.SQL                        : 
    drop table if exists project.kpis cascade 
2026-01-03T16:29:37.525+09:00 DEBUG 13544 --- [pms-backend] [           main] org.hibernate.SQL                        : 
    drop table if exists project.phase_gates cascade 
2026-01-03T16:29:37.526+09:00 DEBUG 13544 --- [pms-backend] [           main] org.hibernate.SQL                        : 
    drop table if exists project.phases cascade 
2026-01-03T16:29:37.526+09:00 DEBUG 13544 --- [pms-backend] [           main] org.hibernate.SQL                        : 
    drop table if exists project.projects cascade 
2026-01-03T16:29:37.526+09:00 DEBUG 13544 --- [pms-backend] [           main] org.hibernate.SQL                        : 
    drop table if exists task.kanban_columns cascade 
2026-01-03T16:29:37.526+09:00 DEBUG 13544 --- [pms-backend] [           main] org.hibernate.SQL                        : 
    drop table if exists task.sprints cascade 
2026-01-03T16:29:37.526+09:00 DEBUG 13544 --- [pms-backend] [           main] org.hibernate.SQL                        : 
    drop table if exists task.tasks cascade 
2026-01-03T16:29:37.526+09:00 DEBUG 13544 --- [pms-backend] [           main] org.hibernate.SQL                        : 
    drop table if exists task.user_stories cascade 
2026-01-03T16:29:37.530+09:00 DEBUG 13544 --- [pms-backend] [           main] org.hibernate.SQL                        : 
    create table auth.permissions (
        created_at timestamp(6) not null,
        updated_at timestamp(6),
        action varchar(50),
        category varchar(50) not null,
        id varchar(100) not null,
        resource varchar(100),
        name varchar(200) not null,
        created_by varchar(255),
        description TEXT,
        updated_by varchar(255),
        primary key (id)
    )
2026-01-03T16:29:37.536+09:00 DEBUG 13544 --- [pms-backend] [           main] org.hibernate.SQL                        : 
    create table auth.role_permissions (
        granted boolean not null,
        created_at timestamp(6) not null,
        updated_at timestamp(6),
        id varchar(50) not null,
        role varchar(50) not null check (role in ('SPONSOR','PMO_HEAD','PM','DEVELOPER','QA','BUSINESS_ANALYST','AUDITOR','ADMIN')),
        permission_id varchar(100) not null,
        created_by varchar(255),
        updated_by varchar(255),
        primary key (id),
        unique (role, permission_id)
    )
2026-01-03T16:29:37.542+09:00 DEBUG 13544 --- [pms-backend] [           main] org.hibernate.SQL                        : 
    create table auth.users (
        active boolean not null,
        created_at timestamp(6) not null,
        last_login_at timestamp(6),
        updated_at timestamp(6),
        id varchar(50) not null,
        role varchar(50) not null check (role in ('SPONSOR','PMO_HEAD','PM','DEVELOPER','QA','BUSINESS_ANALYST','AUDITOR','ADMIN')),
        department varchar(100),
        email varchar(100) not null unique,
        name varchar(100) not null,
        created_by varchar(255),
        password varchar(255) not null,
        updated_by varchar(255),
        primary key (id)
    )
2026-01-03T16:29:37.546+09:00 DEBUG 13544 --- [pms-backend] [           main] org.hibernate.SQL                        : 
    create table chat.chat_messages (
        created_at timestamp(6) not null,
        updated_at timestamp(6),
        role varchar(20) not null check (role in ('USER','ASSISTANT')),
        id varchar(50) not null,
        session_id varchar(50) not null,
        content TEXT not null,
        created_by varchar(255),
        updated_by varchar(255),
        primary key (id)
    )
2026-01-03T16:29:37.548+09:00 DEBUG 13544 --- [pms-backend] [           main] org.hibernate.SQL                        : 
    create table chat.chat_sessions (
        active boolean not null,
        created_at timestamp(6) not null,
        updated_at timestamp(6),
        id varchar(50) not null,
        user_id varchar(50) not null,
        title varchar(200),
        created_by varchar(255),
        updated_by varchar(255),
        primary key (id)
    )
2026-01-03T16:29:37.551+09:00 DEBUG 13544 --- [pms-backend] [           main] org.hibernate.SQL                        : 
    create table project.deliverables (
        approved_at timestamp(6),
        created_at timestamp(6) not null,
        file_size bigint,
        updated_at timestamp(6),
        approver varchar(50),
        id varchar(50) not null,
        phase_id varchar(50) not null,
        status varchar(50) not null check (status in ('PENDING','IN_REVIEW','APPROVED','REJECTED')),
        type varchar(50) not null check (type in ('DOCUMENT','CODE','REPORT','PRESENTATION','OTHER')),
        uploaded_by varchar(50),
        file_name varchar(200),
        name varchar(200) not null,
        file_path varchar(500),
        created_by varchar(255),
        description TEXT,
        updated_by varchar(255),
        primary key (id)
    )
2026-01-03T16:29:37.555+09:00 DEBUG 13544 --- [pms-backend] [           main] org.hibernate.SQL                        : 
    create table project.kpis (
        created_at timestamp(6) not null,
        updated_at timestamp(6),
        id varchar(50) not null,
        phase_id varchar(50) not null,
        status varchar(50) not null check (status in ('ACHIEVED','ON_TRACK','AT_RISK')),
        current varchar(100),
        target varchar(100) not null,
        name varchar(200) not null,
        created_by varchar(255),
        updated_by varchar(255),
        primary key (id)
    )
2026-01-03T16:29:37.558+09:00 DEBUG 13544 --- [pms-backend] [           main] org.hibernate.SQL                        : 
    create table project.phase_gates (
        approved_at timestamp(6),
        created_at timestamp(6) not null,
        rejected_at timestamp(6),
        submitted_at timestamp(6),
        updated_at timestamp(6),
        approved_by varchar(50),
        id varchar(50) not null,
        phase_id varchar(50) not null,
        rejected_by varchar(50),
        status varchar(50) not null check (status in ('PENDING','SUBMITTED','APPROVED','REJECTED')),
        submitted_by varchar(50),
        comments TEXT,
        created_by varchar(255),
        updated_by varchar(255),
        primary key (id)
    )
2026-01-03T16:29:37.561+09:00 DEBUG 13544 --- [pms-backend] [           main] org.hibernate.SQL                        : 
    create table project.phases (
        end_date date,
        order_num integer not null,
        progress integer not null,
        start_date date,
        created_at timestamp(6) not null,
        updated_at timestamp(6),
        gate_status varchar(50) check (gate_status in ('PENDING','SUBMITTED','APPROVED','REJECTED')),
        id varchar(50) not null,
        project_id varchar(50) not null,
        status varchar(50) not null check (status in ('NOT_STARTED','IN_PROGRESS','COMPLETED','ON_HOLD')),
        name varchar(200) not null,
        created_by varchar(255),
        description TEXT,
        updated_by varchar(255),
        primary key (id)
    )
2026-01-03T16:29:37.564+09:00 DEBUG 13544 --- [pms-backend] [           main] org.hibernate.SQL                        : 
    create table project.projects (
        budget numeric(15,2),
        end_date date,
        progress integer not null,
        start_date date,
        created_at timestamp(6) not null,
        updated_at timestamp(6),
        id varchar(50) not null,
        status varchar(50) not null check (status in ('PLANNING','IN_PROGRESS','ON_HOLD','COMPLETED','CANCELLED')),
        name varchar(200) not null,
        created_by varchar(255),
        description TEXT,
        updated_by varchar(255),
        primary key (id)
    )
2026-01-03T16:29:37.565+09:00 DEBUG 13544 --- [pms-backend] [           main] org.hibernate.SQL                        : 
    create table task.kanban_columns (
        order_num integer not null,
        wip_limit integer,
        created_at timestamp(6) not null,
        updated_at timestamp(6),
        color varchar(20),
        id varchar(50) not null,
        project_id varchar(50) not null,
        name varchar(100) not null,
        created_by varchar(255),
        updated_by varchar(255),
        primary key (id)
    )
2026-01-03T16:29:37.569+09:00 DEBUG 13544 --- [pms-backend] [           main] org.hibernate.SQL                        : 
    create table task.sprints (
        end_date date,
        start_date date,
        created_at timestamp(6) not null,
        updated_at timestamp(6),
        id varchar(50) not null,
        project_id varchar(50) not null,
        status varchar(50) not null check (status in ('PLANNED','ACTIVE','COMPLETED','CANCELLED')),
        name varchar(100) not null,
        created_by varchar(255),
        goal TEXT,
        updated_by varchar(255),
        primary key (id)
    )
2026-01-03T16:29:37.572+09:00 DEBUG 13544 --- [pms-backend] [           main] org.hibernate.SQL                        : 
    create table task.tasks (
        due_date date,
        order_num integer,
        created_at timestamp(6) not null,
        updated_at timestamp(6),
        priority varchar(20) not null check (priority in ('LOW','MEDIUM','HIGH','CRITICAL')),
        assignee_id varchar(50),
        column_id varchar(50) not null,
        id varchar(50) not null,
        phase_id varchar(50),
        status varchar(50) not null check (status in ('TODO','IN_PROGRESS','REVIEW','DONE')),
        title varchar(200) not null,
        tags varchar(500),
        created_by varchar(255),
        description TEXT,
        updated_by varchar(255),
        primary key (id)
    )
2026-01-03T16:29:37.575+09:00 DEBUG 13544 --- [pms-backend] [           main] org.hibernate.SQL                        : 
    create table task.user_stories (
        priority_order integer,
        story_points integer,
        created_at timestamp(6) not null,
        updated_at timestamp(6),
        priority varchar(20) not null check (priority in ('LOW','MEDIUM','HIGH','CRITICAL')),
        assignee_id varchar(50),
        id varchar(50) not null,
        project_id varchar(50) not null,
        sprint_id varchar(50),
        status varchar(50) not null check (status in ('BACKLOG','SELECTED','IN_PROGRESS','COMPLETED','CANCELLED')),
        epic varchar(100),
        title varchar(200) not null,
        acceptance_criteria TEXT,
        created_by varchar(255),
        description TEXT,
        updated_by varchar(255),
        primary key (id)
    )
2026-01-03T16:29:37.580+09:00 DEBUG 13544 --- [pms-backend] [           main] org.hibernate.SQL                        : 
    alter table if exists auth.role_permissions 
       add constraint FKegdk29eiy7mdtefy5c7eirr6e 
       foreign key (permission_id) 
       references auth.permissions
2026-01-03T16:29:37.589+09:00 DEBUG 13544 --- [pms-backend] [           main] org.hibernate.SQL                        : 
    alter table if exists chat.chat_messages 
       add constraint FK3cpkdtwdxndrjhrx3gt9q5ux9 
       foreign key (session_id) 
       references chat.chat_sessions
2026-01-03T16:29:37.590+09:00 DEBUG 13544 --- [pms-backend] [           main] org.hibernate.SQL                        : 
    alter table if exists project.deliverables 
       add constraint FKcd22r03cehbp5p2jn2mkv34oh 
       foreign key (phase_id) 
       references project.phases
2026-01-03T16:29:37.592+09:00 DEBUG 13544 --- [pms-backend] [           main] org.hibernate.SQL                        : 
    alter table if exists project.kpis 
       add constraint FKnh1feih4rmq1l3scneefwlh66 
       foreign key (phase_id) 
       references project.phases
2026-01-03T16:29:37.593+09:00 DEBUG 13544 --- [pms-backend] [           main] org.hibernate.SQL                        : 
    alter table if exists project.phase_gates 
       add constraint FK7uks9k66rxkyycybmcelu3qgy 
       foreign key (phase_id) 
       references project.phases
2026-01-03T16:29:37.594+09:00 DEBUG 13544 --- [pms-backend] [           main] org.hibernate.SQL                        : 
    alter table if exists project.phases 
       add constraint FKp0vs31guyj5itugskrstnrm4y 
       foreign key (project_id) 
       references project.projects
2026-01-03T16:29:37.596+09:00 DEBUG 13544 --- [pms-backend] [           main] org.hibernate.SQL                        : 
    alter table if exists task.tasks 
       add constraint FKqgwaiqxymudd3ega3in76ydsi 
       foreign key (column_id) 
       references task.kanban_columns
2026-01-03T16:29:37.598+09:00 DEBUG 13544 --- [pms-backend] [           main] org.hibernate.SQL                        : 
    alter table if exists task.user_stories 
       add constraint FKhs7f69eg9suwnn7h81anvhutk 
       foreign key (sprint_id) 
       references task.sprints
2026-01-03T16:29:37.603+09:00  INFO 13544 --- [pms-backend] [           main] j.LocalContainerEntityManagerFactoryBean : Initialized JPA EntityManagerFactory for persistence unit 'default'
2026-01-03T16:29:38.484+09:00  INFO 13544 --- [pms-backend] [           main] o.s.d.j.r.query.QueryEnhancerFactory     : Hibernate is in classpath; If applicable, HQL parser will be used.
2026-01-03T16:29:39.929+09:00  WARN 13544 --- [pms-backend] [           main] JpaBaseConfiguration$JpaWebConfiguration : spring.jpa.open-in-view is enabled by default. Therefore, database queries may be performed during view rendering. Explicitly configure spring.jpa.open-in-view to disable this warning
2026-01-03T16:29:40.496+09:00  INFO 13544 --- [pms-backend] [           main] o.s.b.a.e.web.EndpointLinksResolver      : Exposing 3 endpoint(s) beneath base path '/actuator'
2026-01-03T16:29:40.597+09:00  INFO 13544 --- [pms-backend] [           main] o.s.s.web.DefaultSecurityFilterChain     : Will secure any request with [org.springframework.security.web.session.DisableEncodeUrlFilter@2724ae48, org.springframework.security.web.context.request.async.WebAsyncManagerIntegrationFilter@5f9d27b6, org.springframework.security.web.context.SecurityContextHolderFilter@765569a4, org.springframework.security.web.header.HeaderWriterFilter@1b904438, org.springframework.web.filter.CorsFilter@3205ea73, org.springframework.web.filter.CorsFilter@4a9cd434, org.springframework.security.web.authentication.logout.LogoutFilter@509520a5, com.insuretech.pms.common.security.JwtAuthenticationFilter@44fcf2b2, org.springframework.security.web.savedrequest.RequestCacheAwareFilter@1383f7f2, org.springframework.security.web.servletapi.SecurityContextHolderAwareRequestFilter@55fc61d8, org.springframework.security.web.authentication.AnonymousAuthenticationFilter@48c865c1, org.springframework.security.web.session.SessionManagementFilter@c4231e8, org.springframework.security.web.access.ExceptionTranslationFilter@72ef3f9b, org.springframework.security.web.access.intercept.AuthorizationFilter@69117714]
2026-01-03T16:29:41.758+09:00  INFO 13544 --- [pms-backend] [           main] o.s.b.a.h2.H2ConsoleAutoConfiguration    : H2 console available at '/h2-console'. Database available at 'jdbc:h2:mem:testdb'
2026-01-03T16:29:41.901+09:00  INFO 13544 --- [pms-backend] [           main] com.insuretech.pms.PmsApplicationTests   : Started PmsApplicationTests in 8.61 seconds (process running for 9.482)
2026-01-03T16:29:42.037+09:00 DEBUG 13544 --- [pms-backend] [           main] org.hibernate.SQL                        : 
    select
        count(*) 
    from
        auth.permissions p1_0
2026-01-03T16:29:42.071+09:00 DEBUG 13544 --- [pms-backend] [           main] org.hibernate.SQL                        : 
    select
        p1_0.id,
        p1_0.action,
        p1_0.category,
        p1_0.created_at,
        p1_0.created_by,
        p1_0.description,
        p1_0.name,
        p1_0.resource,
        p1_0.updated_at,
        p1_0.updated_by 
    from
        auth.permissions p1_0 
    where
        p1_0.id=?
2026-01-03T16:29:42.116+09:00 DEBUG 13544 --- [pms-backend] [           main] org.hibernate.SQL                        : 
    select
        p1_0.id,
        p1_0.action,
        p1_0.category,
        p1_0.created_at,
        p1_0.created_by,
        p1_0.description,
        p1_0.name,
        p1_0.resource,
        p1_0.updated_at,
        p1_0.updated_by 
    from
        auth.permissions p1_0 
    where
        p1_0.id=?
2026-01-03T16:29:42.117+09:00 DEBUG 13544 --- [pms-backend] [           main] org.hibernate.SQL                        : 
    select
        p1_0.id,
        p1_0.action,
        p1_0.category,
        p1_0.created_at,
        p1_0.created_by,
        p1_0.description,
        p1_0.name,
        p1_0.resource,
        p1_0.updated_at,
        p1_0.updated_by 
    from
        auth.permissions p1_0 
    where
        p1_0.id=?
2026-01-03T16:29:42.118+09:00 DEBUG 13544 --- [pms-backend] [           main] org.hibernate.SQL                        : 
    select
        p1_0.id,
        p1_0.action,
        p1_0.category,
        p1_0.created_at,
        p1_0.created_by,
        p1_0.description,
        p1_0.name,
        p1_0.resource,
        p1_0.updated_at,
        p1_0.updated_by 
    from
        auth.permissions p1_0 
    where
        p1_0.id=?
2026-01-03T16:29:42.121+09:00 DEBUG 13544 --- [pms-backend] [           main] org.hibernate.SQL                        : 
    select
        p1_0.id,
        p1_0.action,
        p1_0.category,
        p1_0.created_at,
        p1_0.created_by,
        p1_0.description,
        p1_0.name,
        p1_0.resource,
        p1_0.updated_at,
        p1_0.updated_by 
    from
        auth.permissions p1_0 
    where
        p1_0.id=?
2026-01-03T16:29:42.122+09:00 DEBUG 13544 --- [pms-backend] [           main] org.hibernate.SQL                        : 
    select
        p1_0.id,
        p1_0.action,
        p1_0.category,
        p1_0.created_at,
        p1_0.created_by,
        p1_0.description,
        p1_0.name,
        p1_0.resource,
        p1_0.updated_at,
        p1_0.updated_by 
    from
        auth.permissions p1_0 
    where
        p1_0.id=?
2026-01-03T16:29:42.122+09:00 DEBUG 13544 --- [pms-backend] [           main] org.hibernate.SQL                        : 
    select
        p1_0.id,
        p1_0.action,
        p1_0.category,
        p1_0.created_at,
        p1_0.created_by,
        p1_0.description,
        p1_0.name,
        p1_0.resource,
        p1_0.updated_at,
        p1_0.updated_by 
    from
        auth.permissions p1_0 
    where
        p1_0.id=?
2026-01-03T16:29:42.123+09:00 DEBUG 13544 --- [pms-backend] [           main] org.hibernate.SQL                        : 
    select
        p1_0.id,
        p1_0.action,
        p1_0.category,
        p1_0.created_at,
        p1_0.created_by,
        p1_0.description,
        p1_0.name,
        p1_0.resource,
        p1_0.updated_at,
        p1_0.updated_by 
    from
        auth.permissions p1_0 
    where
        p1_0.id=?
2026-01-03T16:29:42.124+09:00 DEBUG 13544 --- [pms-backend] [           main] org.hibernate.SQL                        : 
    select
        p1_0.id,
        p1_0.action,
        p1_0.category,
        p1_0.created_at,
        p1_0.created_by,
        p1_0.description,
        p1_0.name,
        p1_0.resource,
        p1_0.updated_at,
        p1_0.updated_by 
    from
        auth.permissions p1_0 
    where
        p1_0.id=?
2026-01-03T16:29:42.125+09:00 DEBUG 13544 --- [pms-backend] [           main] org.hibernate.SQL                        : 
    select
        p1_0.id,
        p1_0.action,
        p1_0.category,
        p1_0.created_at,
        p1_0.created_by,
        p1_0.description,
        p1_0.name,
        p1_0.resource,
        p1_0.updated_at,
        p1_0.updated_by 
    from
        auth.permissions p1_0 
    where
        p1_0.id=?
2026-01-03T16:29:42.125+09:00 DEBUG 13544 --- [pms-backend] [           main] org.hibernate.SQL                        : 
    select
        p1_0.id,
        p1_0.action,
        p1_0.category,
        p1_0.created_at,
        p1_0.created_by,
        p1_0.description,
        p1_0.name,
        p1_0.resource,
        p1_0.updated_at,
        p1_0.updated_by 
    from
        auth.permissions p1_0 
    where
        p1_0.id=?
2026-01-03T16:29:42.126+09:00 DEBUG 13544 --- [pms-backend] [           main] org.hibernate.SQL                        : 
    select
        p1_0.id,
        p1_0.action,
        p1_0.category,
        p1_0.created_at,
        p1_0.created_by,
        p1_0.description,
        p1_0.name,
        p1_0.resource,
        p1_0.updated_at,
        p1_0.updated_by 
    from
        auth.permissions p1_0 
    where
        p1_0.id=?
2026-01-03T16:29:42.127+09:00 DEBUG 13544 --- [pms-backend] [           main] org.hibernate.SQL                        : 
    select
        p1_0.id,
        p1_0.action,
        p1_0.category,
        p1_0.created_at,
        p1_0.created_by,
        p1_0.description,
        p1_0.name,
        p1_0.resource,
        p1_0.updated_at,
        p1_0.updated_by 
    from
        auth.permissions p1_0 
    where
        p1_0.id=?
2026-01-03T16:29:42.148+09:00 DEBUG 13544 --- [pms-backend] [           main] org.hibernate.SQL                        : 
    insert 
    into
        auth.permissions
        (action, category, created_at, created_by, description, name, resource, updated_at, updated_by, id) 
    values
        (?, ?, ?, ?, ?, ?, ?, ?, ?, ?)
2026-01-03T16:29:42.175+09:00 DEBUG 13544 --- [pms-backend] [           main] org.hibernate.SQL                        : 
    insert 
    into
        auth.permissions
        (action, category, created_at, created_by, description, name, resource, updated_at, updated_by, id) 
    values
        (?, ?, ?, ?, ?, ?, ?, ?, ?, ?)
2026-01-03T16:29:42.176+09:00 DEBUG 13544 --- [pms-backend] [           main] org.hibernate.SQL                        : 
    insert 
    into
        auth.permissions
        (action, category, created_at, created_by, description, name, resource, updated_at, updated_by, id) 
    values
        (?, ?, ?, ?, ?, ?, ?, ?, ?, ?)
2026-01-03T16:29:42.177+09:00 DEBUG 13544 --- [pms-backend] [           main] org.hibernate.SQL                        : 
    insert 
    into
        auth.permissions
        (action, category, created_at, created_by, description, name, resource, updated_at, updated_by, id) 
    values
        (?, ?, ?, ?, ?, ?, ?, ?, ?, ?)
2026-01-03T16:29:42.178+09:00 DEBUG 13544 --- [pms-backend] [           main] org.hibernate.SQL                        : 
    insert 
    into
        auth.permissions
        (action, category, created_at, created_by, description, name, resource, updated_at, updated_by, id) 
    values
        (?, ?, ?, ?, ?, ?, ?, ?, ?, ?)
2026-01-03T16:29:42.179+09:00 DEBUG 13544 --- [pms-backend] [           main] org.hibernate.SQL                        : 
    insert 
    into
        auth.permissions
        (action, category, created_at, created_by, description, name, resource, updated_at, updated_by, id) 
    values
        (?, ?, ?, ?, ?, ?, ?, ?, ?, ?)
2026-01-03T16:29:42.179+09:00 DEBUG 13544 --- [pms-backend] [           main] org.hibernate.SQL                        : 
    insert 
    into
        auth.permissions
        (action, category, created_at, created_by, description, name, resource, updated_at, updated_by, id) 
    values
        (?, ?, ?, ?, ?, ?, ?, ?, ?, ?)
2026-01-03T16:29:42.180+09:00 DEBUG 13544 --- [pms-backend] [           main] org.hibernate.SQL                        : 
    insert 
    into
        auth.permissions
        (action, category, created_at, created_by, description, name, resource, updated_at, updated_by, id) 
    values
        (?, ?, ?, ?, ?, ?, ?, ?, ?, ?)
2026-01-03T16:29:42.180+09:00 DEBUG 13544 --- [pms-backend] [           main] org.hibernate.SQL                        : 
    insert 
    into
        auth.permissions
        (action, category, created_at, created_by, description, name, resource, updated_at, updated_by, id) 
    values
        (?, ?, ?, ?, ?, ?, ?, ?, ?, ?)
2026-01-03T16:29:42.181+09:00 DEBUG 13544 --- [pms-backend] [           main] org.hibernate.SQL                        : 
    insert 
    into
        auth.permissions
        (action, category, created_at, created_by, description, name, resource, updated_at, updated_by, id) 
    values
        (?, ?, ?, ?, ?, ?, ?, ?, ?, ?)
2026-01-03T16:29:42.181+09:00 DEBUG 13544 --- [pms-backend] [           main] org.hibernate.SQL                        : 
    insert 
    into
        auth.permissions
        (action, category, created_at, created_by, description, name, resource, updated_at, updated_by, id) 
    values
        (?, ?, ?, ?, ?, ?, ?, ?, ?, ?)
2026-01-03T16:29:42.182+09:00 DEBUG 13544 --- [pms-backend] [           main] org.hibernate.SQL                        : 
    insert 
    into
        auth.permissions
        (action, category, created_at, created_by, description, name, resource, updated_at, updated_by, id) 
    values
        (?, ?, ?, ?, ?, ?, ?, ?, ?, ?)
2026-01-03T16:29:42.183+09:00 DEBUG 13544 --- [pms-backend] [           main] org.hibernate.SQL                        : 
    insert 
    into
        auth.permissions
        (action, category, created_at, created_by, description, name, resource, updated_at, updated_by, id) 
    values
        (?, ?, ?, ?, ?, ?, ?, ?, ?, ?)
2026-01-03T16:29:42.194+09:00 DEBUG 13544 --- [pms-backend] [           main] org.hibernate.SQL                        : 
    select
        null,
        p1_0.action,
        p1_0.category,
        p1_0.created_at,
        p1_0.created_by,
        p1_0.description,
        p1_0.name,
        p1_0.resource,
        p1_0.updated_at,
        p1_0.updated_by 
    from
        auth.permissions p1_0 
    where
        p1_0.id=?
2026-01-03T16:29:42.196+09:00 DEBUG 13544 --- [pms-backend] [           main] org.hibernate.SQL                        : 
    select
        null,
        p1_0.action,
        p1_0.category,
        p1_0.created_at,
        p1_0.created_by,
        p1_0.description,
        p1_0.name,
        p1_0.resource,
        p1_0.updated_at,
        p1_0.updated_by 
    from
        auth.permissions p1_0 
    where
        p1_0.id=?
2026-01-03T16:29:42.197+09:00 DEBUG 13544 --- [pms-backend] [           main] org.hibernate.SQL                        : 
    select
        null,
        p1_0.action,
        p1_0.category,
        p1_0.created_at,
        p1_0.created_by,
        p1_0.description,
        p1_0.name,
        p1_0.resource,
        p1_0.updated_at,
        p1_0.updated_by 
    from
        auth.permissions p1_0 
    where
        p1_0.id=?
2026-01-03T16:29:42.198+09:00 DEBUG 13544 --- [pms-backend] [           main] org.hibernate.SQL                        : 
    select
        null,
        p1_0.action,
        p1_0.category,
        p1_0.created_at,
        p1_0.created_by,
        p1_0.description,
        p1_0.name,
        p1_0.resource,
        p1_0.updated_at,
        p1_0.updated_by 
    from
        auth.permissions p1_0 
    where
        p1_0.id=?
2026-01-03T16:29:42.200+09:00 DEBUG 13544 --- [pms-backend] [           main] org.hibernate.SQL                        : 
    select
        null,
        p1_0.action,
        p1_0.category,
        p1_0.created_at,
        p1_0.created_by,
        p1_0.description,
        p1_0.name,
        p1_0.resource,
        p1_0.updated_at,
        p1_0.updated_by 
    from
        auth.permissions p1_0 
    where
        p1_0.id=?
2026-01-03T16:29:42.202+09:00 DEBUG 13544 --- [pms-backend] [           main] org.hibernate.SQL                        : 
    select
        null,
        p1_0.action,
        p1_0.category,
        p1_0.created_at,
        p1_0.created_by,
        p1_0.description,
        p1_0.name,
        p1_0.resource,
        p1_0.updated_at,
        p1_0.updated_by 
    from
        auth.permissions p1_0 
    where
        p1_0.id=?
2026-01-03T16:29:42.203+09:00 DEBUG 13544 --- [pms-backend] [           main] org.hibernate.SQL                        : 
    select
        null,
        p1_0.action,
        p1_0.category,
        p1_0.created_at,
        p1_0.created_by,
        p1_0.description,
        p1_0.name,
        p1_0.resource,
        p1_0.updated_at,
        p1_0.updated_by 
    from
        auth.permissions p1_0 
    where
        p1_0.id=?
2026-01-03T16:29:42.203+09:00 DEBUG 13544 --- [pms-backend] [           main] org.hibernate.SQL                        : 
    select
        null,
        p1_0.action,
        p1_0.category,
        p1_0.created_at,
        p1_0.created_by,
        p1_0.description,
        p1_0.name,
        p1_0.resource,
        p1_0.updated_at,
        p1_0.updated_by 
    from
        auth.permissions p1_0 
    where
        p1_0.id=?
2026-01-03T16:29:42.205+09:00 DEBUG 13544 --- [pms-backend] [           main] org.hibernate.SQL                        : 
    select
        null,
        p1_0.action,
        p1_0.category,
        p1_0.created_at,
        p1_0.created_by,
        p1_0.description,
        p1_0.name,
        p1_0.resource,
        p1_0.updated_at,
        p1_0.updated_by 
    from
        auth.permissions p1_0 
    where
        p1_0.id=?
2026-01-03T16:29:42.206+09:00 DEBUG 13544 --- [pms-backend] [           main] org.hibernate.SQL                        : 
    select
        null,
        p1_0.action,
        p1_0.category,
        p1_0.created_at,
        p1_0.created_by,
        p1_0.description,
        p1_0.name,
        p1_0.resource,
        p1_0.updated_at,
        p1_0.updated_by 
    from
        auth.permissions p1_0 
    where
        p1_0.id=?
2026-01-03T16:29:42.209+09:00 DEBUG 13544 --- [pms-backend] [           main] org.hibernate.SQL                        : 
    select
        null,
        p1_0.action,
        p1_0.category,
        p1_0.created_at,
        p1_0.created_by,
        p1_0.description,
        p1_0.name,
        p1_0.resource,
        p1_0.updated_at,
        p1_0.updated_by 
    from
        auth.permissions p1_0 
    where
        p1_0.id=?
2026-01-03T16:29:42.210+09:00 DEBUG 13544 --- [pms-backend] [           main] org.hibernate.SQL                        : 
    select
        null,
        p1_0.action,
        p1_0.category,
        p1_0.created_at,
        p1_0.created_by,
        p1_0.description,
        p1_0.name,
        p1_0.resource,
        p1_0.updated_at,
        p1_0.updated_by 
    from
        auth.permissions p1_0 
    where
        p1_0.id=?
2026-01-03T16:29:42.217+09:00 DEBUG 13544 --- [pms-backend] [           main] org.hibernate.SQL                        : 
    select
        null,
        p1_0.action,
        p1_0.category,
        p1_0.created_at,
        p1_0.created_by,
        p1_0.description,
        p1_0.name,
        p1_0.resource,
        p1_0.updated_at,
        p1_0.updated_by 
    from
        auth.permissions p1_0 
    where
        p1_0.id=?
2026-01-03T16:29:42.222+09:00 DEBUG 13544 --- [pms-backend] [           main] org.hibernate.SQL                        : 
    insert 
    into
        auth.role_permissions
        (created_at, created_by, granted, permission_id, role, updated_at, updated_by, id) 
    values
        (?, ?, ?, ?, ?, ?, ?, ?)
2026-01-03T16:29:42.223+09:00 DEBUG 13544 --- [pms-backend] [           main] org.hibernate.SQL                        : 
    insert 
    into
        auth.role_permissions
        (created_at, created_by, granted, permission_id, role, updated_at, updated_by, id) 
    values
        (?, ?, ?, ?, ?, ?, ?, ?)
2026-01-03T16:29:42.224+09:00 DEBUG 13544 --- [pms-backend] [           main] org.hibernate.SQL                        : 
    insert 
    into
        auth.role_permissions
        (created_at, created_by, granted, permission_id, role, updated_at, updated_by, id) 
    values
        (?, ?, ?, ?, ?, ?, ?, ?)
2026-01-03T16:29:42.224+09:00 DEBUG 13544 --- [pms-backend] [           main] org.hibernate.SQL                        : 
    insert 
    into
        auth.role_permissions
        (created_at, created_by, granted, permission_id, role, updated_at, updated_by, id) 
    values
        (?, ?, ?, ?, ?, ?, ?, ?)
2026-01-03T16:29:42.225+09:00 DEBUG 13544 --- [pms-backend] [           main] org.hibernate.SQL                        : 
    insert 
    into
        auth.role_permissions
        (created_at, created_by, granted, permission_id, role, updated_at, updated_by, id) 
    values
        (?, ?, ?, ?, ?, ?, ?, ?)
2026-01-03T16:29:42.226+09:00 DEBUG 13544 --- [pms-backend] [           main] org.hibernate.SQL                        : 
    insert 
    into
        auth.role_permissions
        (created_at, created_by, granted, permission_id, role, updated_at, updated_by, id) 
    values
        (?, ?, ?, ?, ?, ?, ?, ?)
2026-01-03T16:29:42.227+09:00 DEBUG 13544 --- [pms-backend] [           main] org.hibernate.SQL                        : 
    insert 
    into
        auth.role_permissions
        (created_at, created_by, granted, permission_id, role, updated_at, updated_by, id) 
    values
        (?, ?, ?, ?, ?, ?, ?, ?)
2026-01-03T16:29:42.228+09:00 DEBUG 13544 --- [pms-backend] [           main] org.hibernate.SQL                        : 
    insert 
    into
        auth.role_permissions
        (created_at, created_by, granted, permission_id, role, updated_at, updated_by, id) 
    values
        (?, ?, ?, ?, ?, ?, ?, ?)
2026-01-03T16:29:42.229+09:00 DEBUG 13544 --- [pms-backend] [           main] org.hibernate.SQL                        : 
    insert 
    into
        auth.role_permissions
        (created_at, created_by, granted, permission_id, role, updated_at, updated_by, id) 
    values
        (?, ?, ?, ?, ?, ?, ?, ?)
2026-01-03T16:29:42.230+09:00 DEBUG 13544 --- [pms-backend] [           main] org.hibernate.SQL                        : 
    insert 
    into
        auth.role_permissions
        (created_at, created_by, granted, permission_id, role, updated_at, updated_by, id) 
    values
        (?, ?, ?, ?, ?, ?, ?, ?)
2026-01-03T16:29:42.231+09:00 DEBUG 13544 --- [pms-backend] [           main] org.hibernate.SQL                        : 
    insert 
    into
        auth.role_permissions
        (created_at, created_by, granted, permission_id, role, updated_at, updated_by, id) 
    values
        (?, ?, ?, ?, ?, ?, ?, ?)
2026-01-03T16:29:42.232+09:00 DEBUG 13544 --- [pms-backend] [           main] org.hibernate.SQL                        : 
    insert 
    into
        auth.role_permissions
        (created_at, created_by, granted, permission_id, role, updated_at, updated_by, id) 
    values
        (?, ?, ?, ?, ?, ?, ?, ?)
2026-01-03T16:29:42.232+09:00 DEBUG 13544 --- [pms-backend] [           main] org.hibernate.SQL                        : 
    insert 
    into
        auth.role_permissions
        (created_at, created_by, granted, permission_id, role, updated_at, updated_by, id) 
    values
        (?, ?, ?, ?, ?, ?, ?, ?)
2026-01-03T16:29:42.233+09:00 DEBUG 13544 --- [pms-backend] [           main] org.hibernate.SQL                        : 
    insert 
    into
        auth.role_permissions
        (created_at, created_by, granted, permission_id, role, updated_at, updated_by, id) 
    values
        (?, ?, ?, ?, ?, ?, ?, ?)
2026-01-03T16:29:42.234+09:00 DEBUG 13544 --- [pms-backend] [           main] org.hibernate.SQL                        : 
    insert 
    into
        auth.role_permissions
        (created_at, created_by, granted, permission_id, role, updated_at, updated_by, id) 
    values
        (?, ?, ?, ?, ?, ?, ?, ?)
2026-01-03T16:29:42.235+09:00 DEBUG 13544 --- [pms-backend] [           main] org.hibernate.SQL                        : 
    insert 
    into
        auth.role_permissions
        (created_at, created_by, granted, permission_id, role, updated_at, updated_by, id) 
    values
        (?, ?, ?, ?, ?, ?, ?, ?)
2026-01-03T16:29:42.235+09:00 DEBUG 13544 --- [pms-backend] [           main] org.hibernate.SQL                        : 
    insert 
    into
        auth.role_permissions
        (created_at, created_by, granted, permission_id, role, updated_at, updated_by, id) 
    values
        (?, ?, ?, ?, ?, ?, ?, ?)
2026-01-03T16:29:42.236+09:00 DEBUG 13544 --- [pms-backend] [           main] org.hibernate.SQL                        : 
    insert 
    into
        auth.role_permissions
        (created_at, created_by, granted, permission_id, role, updated_at, updated_by, id) 
    values
        (?, ?, ?, ?, ?, ?, ?, ?)
2026-01-03T16:29:42.236+09:00 DEBUG 13544 --- [pms-backend] [           main] org.hibernate.SQL                        : 
    insert 
    into
        auth.role_permissions
        (created_at, created_by, granted, permission_id, role, updated_at, updated_by, id) 
    values
        (?, ?, ?, ?, ?, ?, ?, ?)
2026-01-03T16:29:42.237+09:00 DEBUG 13544 --- [pms-backend] [           main] org.hibernate.SQL                        : 
    insert 
    into
        auth.role_permissions
        (created_at, created_by, granted, permission_id, role, updated_at, updated_by, id) 
    values
        (?, ?, ?, ?, ?, ?, ?, ?)
2026-01-03T16:29:42.238+09:00 DEBUG 13544 --- [pms-backend] [           main] org.hibernate.SQL                        : 
    insert 
    into
        auth.role_permissions
        (created_at, created_by, granted, permission_id, role, updated_at, updated_by, id) 
    values
        (?, ?, ?, ?, ?, ?, ?, ?)
2026-01-03T16:29:42.238+09:00 DEBUG 13544 --- [pms-backend] [           main] org.hibernate.SQL                        : 
    insert 
    into
        auth.role_permissions
        (created_at, created_by, granted, permission_id, role, updated_at, updated_by, id) 
    values
        (?, ?, ?, ?, ?, ?, ?, ?)
2026-01-03T16:29:42.239+09:00 DEBUG 13544 --- [pms-backend] [           main] org.hibernate.SQL                        : 
    insert 
    into
        auth.role_permissions
        (created_at, created_by, granted, permission_id, role, updated_at, updated_by, id) 
    values
        (?, ?, ?, ?, ?, ?, ?, ?)
2026-01-03T16:29:42.239+09:00 DEBUG 13544 --- [pms-backend] [           main] org.hibernate.SQL                        : 
    insert 
    into
        auth.role_permissions
        (created_at, created_by, granted, permission_id, role, updated_at, updated_by, id) 
    values
        (?, ?, ?, ?, ?, ?, ?, ?)
2026-01-03T16:29:42.240+09:00 DEBUG 13544 --- [pms-backend] [           main] org.hibernate.SQL                        : 
    insert 
    into
        auth.role_permissions
        (created_at, created_by, granted, permission_id, role, updated_at, updated_by, id) 
    values
        (?, ?, ?, ?, ?, ?, ?, ?)
2026-01-03T16:29:42.240+09:00 DEBUG 13544 --- [pms-backend] [           main] org.hibernate.SQL                        : 
    insert 
    into
        auth.role_permissions
        (created_at, created_by, granted, permission_id, role, updated_at, updated_by, id) 
    values
        (?, ?, ?, ?, ?, ?, ?, ?)
2026-01-03T16:29:42.241+09:00 DEBUG 13544 --- [pms-backend] [           main] org.hibernate.SQL                        : 
    insert 
    into
        auth.role_permissions
        (created_at, created_by, granted, permission_id, role, updated_at, updated_by, id) 
    values
        (?, ?, ?, ?, ?, ?, ?, ?)
2026-01-03T16:29:42.241+09:00 DEBUG 13544 --- [pms-backend] [           main] org.hibernate.SQL                        : 
    insert 
    into
        auth.role_permissions
        (created_at, created_by, granted, permission_id, role, updated_at, updated_by, id) 
    values
        (?, ?, ?, ?, ?, ?, ?, ?)
2026-01-03T16:29:42.242+09:00 DEBUG 13544 --- [pms-backend] [           main] org.hibernate.SQL                        : 
    insert 
    into
        auth.role_permissions
        (created_at, created_by, granted, permission_id, role, updated_at, updated_by, id) 
    values
        (?, ?, ?, ?, ?, ?, ?, ?)
2026-01-03T16:29:42.243+09:00 DEBUG 13544 --- [pms-backend] [           main] org.hibernate.SQL                        : 
    insert 
    into
        auth.role_permissions
        (created_at, created_by, granted, permission_id, role, updated_at, updated_by, id) 
    values
        (?, ?, ?, ?, ?, ?, ?, ?)
2026-01-03T16:29:42.244+09:00 DEBUG 13544 --- [pms-backend] [           main] org.hibernate.SQL                        : 
    insert 
    into
        auth.role_permissions
        (created_at, created_by, granted, permission_id, role, updated_at, updated_by, id) 
    values
        (?, ?, ?, ?, ?, ?, ?, ?)
2026-01-03T16:29:42.244+09:00 DEBUG 13544 --- [pms-backend] [           main] org.hibernate.SQL                        : 
    insert 
    into
        auth.role_permissions
        (created_at, created_by, granted, permission_id, role, updated_at, updated_by, id) 
    values
        (?, ?, ?, ?, ?, ?, ?, ?)
2026-01-03T16:29:42.245+09:00 DEBUG 13544 --- [pms-backend] [           main] org.hibernate.SQL                        : 
    insert 
    into
        auth.role_permissions
        (created_at, created_by, granted, permission_id, role, updated_at, updated_by, id) 
    values
        (?, ?, ?, ?, ?, ?, ?, ?)
2026-01-03T16:29:42.245+09:00 DEBUG 13544 --- [pms-backend] [           main] org.hibernate.SQL                        : 
    insert 
    into
        auth.role_permissions
        (created_at, created_by, granted, permission_id, role, updated_at, updated_by, id) 
    values
        (?, ?, ?, ?, ?, ?, ?, ?)
2026-01-03T16:29:42.246+09:00 DEBUG 13544 --- [pms-backend] [           main] org.hibernate.SQL                        : 
    insert 
    into
        auth.role_permissions
        (created_at, created_by, granted, permission_id, role, updated_at, updated_by, id) 
    values
        (?, ?, ?, ?, ?, ?, ?, ?)
2026-01-03T16:29:42.247+09:00 DEBUG 13544 --- [pms-backend] [           main] org.hibernate.SQL                        : 
    insert 
    into
        auth.role_permissions
        (created_at, created_by, granted, permission_id, role, updated_at, updated_by, id) 
    values
        (?, ?, ?, ?, ?, ?, ?, ?)
2026-01-03T16:29:42.248+09:00 DEBUG 13544 --- [pms-backend] [           main] org.hibernate.SQL                        : 
    insert 
    into
        auth.role_permissions
        (created_at, created_by, granted, permission_id, role, updated_at, updated_by, id) 
    values
        (?, ?, ?, ?, ?, ?, ?, ?)
2026-01-03T16:29:42.249+09:00 DEBUG 13544 --- [pms-backend] [           main] org.hibernate.SQL                        : 
    insert 
    into
        auth.role_permissions
        (created_at, created_by, granted, permission_id, role, updated_at, updated_by, id) 
    values
        (?, ?, ?, ?, ?, ?, ?, ?)
2026-01-03T16:29:42.253+09:00 DEBUG 13544 --- [pms-backend] [           main] org.hibernate.SQL                        : 
    select
        count(*) 
    from
        auth.users u1_0
2026-01-03T16:29:42.254+09:00  INFO 13544 --- [pms-backend] [           main] c.i.pms.common.init.DataInitializer      : Initializing demo users...
2026-01-03T16:29:42.315+09:00 DEBUG 13544 --- [pms-backend] [           main] org.hibernate.SQL                        : 
    select
        u1_0.id,
        u1_0.active,
        u1_0.created_at,
        u1_0.created_by,
        u1_0.department,
        u1_0.email,
        u1_0.last_login_at,
        u1_0.name,
        u1_0.password,
        u1_0.role,
        u1_0.updated_at,
        u1_0.updated_by 
    from
        auth.users u1_0 
    where
        u1_0.id=?
2026-01-03T16:29:42.321+09:00 DEBUG 13544 --- [pms-backend] [           main] org.hibernate.SQL                        : 
    insert 
    into
        auth.users
        (active, created_at, created_by, department, email, last_login_at, name, password, role, updated_at, updated_by, id) 
    values
        (?, ?, ?, ?, ?, ?, ?, ?, ?, ?, ?, ?)
2026-01-03T16:29:42.377+09:00 DEBUG 13544 --- [pms-backend] [           main] org.hibernate.SQL                        : 
    select
        u1_0.id,
        u1_0.active,
        u1_0.created_at,
        u1_0.created_by,
        u1_0.department,
        u1_0.email,
        u1_0.last_login_at,
        u1_0.name,
        u1_0.password,
        u1_0.role,
        u1_0.updated_at,
        u1_0.updated_by 
    from
        auth.users u1_0 
    where
        u1_0.id=?
2026-01-03T16:29:42.378+09:00 DEBUG 13544 --- [pms-backend] [           main] org.hibernate.SQL                        : 
    insert 
    into
        auth.users
        (active, created_at, created_by, department, email, last_login_at, name, password, role, updated_at, updated_by, id) 
    values
        (?, ?, ?, ?, ?, ?, ?, ?, ?, ?, ?, ?)
2026-01-03T16:29:42.434+09:00 DEBUG 13544 --- [pms-backend] [           main] org.hibernate.SQL                        : 
    select
        u1_0.id,
        u1_0.active,
        u1_0.created_at,
        u1_0.created_by,
        u1_0.department,
        u1_0.email,
        u1_0.last_login_at,
        u1_0.name,
        u1_0.password,
        u1_0.role,
        u1_0.updated_at,
        u1_0.updated_by 
    from
        auth.users u1_0 
    where
        u1_0.id=?
2026-01-03T16:29:42.435+09:00 DEBUG 13544 --- [pms-backend] [           main] org.hibernate.SQL                        : 
    insert 
    into
        auth.users
        (active, created_at, created_by, department, email, last_login_at, name, password, role, updated_at, updated_by, id) 
    values
        (?, ?, ?, ?, ?, ?, ?, ?, ?, ?, ?, ?)
2026-01-03T16:29:42.491+09:00 DEBUG 13544 --- [pms-backend] [           main] org.hibernate.SQL                        : 
    select
        u1_0.id,
        u1_0.active,
        u1_0.created_at,
        u1_0.created_by,
        u1_0.department,
        u1_0.email,
        u1_0.last_login_at,
        u1_0.name,
        u1_0.password,
        u1_0.role,
        u1_0.updated_at,
        u1_0.updated_by 
    from
        auth.users u1_0 
    where
        u1_0.id=?
2026-01-03T16:29:42.492+09:00 DEBUG 13544 --- [pms-backend] [           main] org.hibernate.SQL                        : 
    insert 
    into
        auth.users
        (active, created_at, created_by, department, email, last_login_at, name, password, role, updated_at, updated_by, id) 
    values
        (?, ?, ?, ?, ?, ?, ?, ?, ?, ?, ?, ?)
2026-01-03T16:29:42.548+09:00 DEBUG 13544 --- [pms-backend] [           main] org.hibernate.SQL                        : 
    select
        u1_0.id,
        u1_0.active,
        u1_0.created_at,
        u1_0.created_by,
        u1_0.department,
        u1_0.email,
        u1_0.last_login_at,
        u1_0.name,
        u1_0.password,
        u1_0.role,
        u1_0.updated_at,
        u1_0.updated_by 
    from
        auth.users u1_0 
    where
        u1_0.id=?
2026-01-03T16:29:42.549+09:00 DEBUG 13544 --- [pms-backend] [           main] org.hibernate.SQL                        : 
    insert 
    into
        auth.users
        (active, created_at, created_by, department, email, last_login_at, name, password, role, updated_at, updated_by, id) 
    values
        (?, ?, ?, ?, ?, ?, ?, ?, ?, ?, ?, ?)
2026-01-03T16:29:42.604+09:00 DEBUG 13544 --- [pms-backend] [           main] org.hibernate.SQL                        : 
    select
        u1_0.id,
        u1_0.active,
        u1_0.created_at,
        u1_0.created_by,
        u1_0.department,
        u1_0.email,
        u1_0.last_login_at,
        u1_0.name,
        u1_0.password,
        u1_0.role,
        u1_0.updated_at,
        u1_0.updated_by 
    from
        auth.users u1_0 
    where
        u1_0.id=?
2026-01-03T16:29:42.606+09:00 DEBUG 13544 --- [pms-backend] [           main] org.hibernate.SQL                        : 
    insert 
    into
        auth.users
        (active, created_at, created_by, department, email, last_login_at, name, password, role, updated_at, updated_by, id) 
    values
        (?, ?, ?, ?, ?, ?, ?, ?, ?, ?, ?, ?)
2026-01-03T16:29:42.661+09:00 DEBUG 13544 --- [pms-backend] [           main] org.hibernate.SQL                        : 
    select
        u1_0.id,
        u1_0.active,
        u1_0.created_at,
        u1_0.created_by,
        u1_0.department,
        u1_0.email,
        u1_0.last_login_at,
        u1_0.name,
        u1_0.password,
        u1_0.role,
        u1_0.updated_at,
        u1_0.updated_by 
    from
        auth.users u1_0 
    where
        u1_0.id=?
2026-01-03T16:29:42.662+09:00 DEBUG 13544 --- [pms-backend] [           main] org.hibernate.SQL                        : 
    insert 
    into
        auth.users
        (active, created_at, created_by, department, email, last_login_at, name, password, role, updated_at, updated_by, id) 
    values
        (?, ?, ?, ?, ?, ?, ?, ?, ?, ?, ?, ?)
2026-01-03T16:29:42.717+09:00 DEBUG 13544 --- [pms-backend] [           main] org.hibernate.SQL                        : 
    select
        u1_0.id,
        u1_0.active,
        u1_0.created_at,
        u1_0.created_by,
        u1_0.department,
        u1_0.email,
        u1_0.last_login_at,
        u1_0.name,
        u1_0.password,
        u1_0.role,
        u1_0.updated_at,
        u1_0.updated_by 
    from
        auth.users u1_0 
    where
        u1_0.id=?
2026-01-03T16:29:42.718+09:00 DEBUG 13544 --- [pms-backend] [           main] org.hibernate.SQL                        : 
    insert 
    into
        auth.users
        (active, created_at, created_by, department, email, last_login_at, name, password, role, updated_at, updated_by, id) 
    values
        (?, ?, ?, ?, ?, ?, ?, ?, ?, ?, ?, ?)
2026-01-03T16:29:42.719+09:00  INFO 13544 --- [pms-backend] [           main] c.i.pms.common.init.DataInitializer      : Demo users created successfully
]]></system-out>
    <system-err><![CDATA[WARNING: A Java agent has been loaded dynamically (/root/.m2/repository/net/bytebuddy/byte-buddy-agent/1.14.10/byte-buddy-agent-1.14.10.jar)
WARNING: If a serviceability tool is in use, please run with -XX:+EnableDynamicAgentLoading to hide this warning
WARNING: If a serviceability tool is not in use, please run with -Djdk.instrument.traceUsage for more information
WARNING: Dynamic loading of agents will be disallowed by default in a future release
]]></system-err>
  </testcase>
</testsuite>