<?xml version="1.0" encoding="UTF-8"?>
<testsuite xmlns:xsi="http://www.w3.org/2001/XMLSchema-instance" xsi:noNamespaceSchemaLocation="https://maven.apache.org/surefire/maven-surefire-plugin/xsd/surefire-test-report-3.0.xsd" version="3.0" name="com.insuretech.pms.PmsApplicationTests" time="8.075" tests="1" errors="0" skipped="0" failures="0">
  <properties>
[...]
</properties>
  <testcase name="contextLoads" classname="com.insuretech.pms.PmsApplicationTests" time="0.385">
    <system-out><![CDATA[01:00:36.704 [main] INFO org.springframework.test.context.support.AnnotationConfigContextLoaderUtils -- Could not detect default configuration classes for test class [com.insuretech.pms.PmsApplicationTests]: PmsApplicationTests does not declare any static, non-private, non-final, nested classes annotated with @Configuration.
01:00:36.792 [main] INFO org.springframework.boot.test.context.SpringBootTestContextBootstrapper -- Found @SpringBootConfiguration com.insuretech.pms.PmsApplication for test class com.insuretech.pms.PmsApplicationTests
01:00:36.917 [main] INFO org.springframework.boot.devtools.restart.RestartApplicationListener -- Restart disabled due to context in which it is running

  .   ____          _            __ _ _
 /\\ / ___'_ __ _ _(_)_ __  __ _ \ \ \ \
( ( )\___ | '_ | '_| | '_ \/ _` | \ \ \ \
 \\/  ___)| |_)| | | | | || (_| |  ) ) ) )
  '  |____| .__|_| |_|_| |_\__, | / / / /
 =========|_|==============|___/=/_/_/_/
 :: Spring Boot ::                (v3.2.1)

2026-01-07T01:00:37.143+09:00  WARN 23068 --- [pms-backend] [           main] ory$DuplicateJsonObjectContextCustomizer : 

Found multiple occurrences of org.json.JSONObject on the class path:

	jar:file:/home/daniel/.m2/repository/org/json/json/20231013/json-20231013.jar!/org/json/JSONObject.class
	jar:file:/home/daniel/.m2/repository/com/vaadin/external/google/android-json/0.0.20131108.vaadin1/android-json-0.0.20131108.vaadin1.jar!/org/json/JSONObject.class

You may wish to exclude one of them to ensure predictable runtime behavior

2026-01-07T01:00:37.156+09:00  INFO 23068 --- [pms-backend] [           main] com.insuretech.pms.PmsApplicationTests   : Starting PmsApplicationTests using Java 17.0.17 with PID 23068 (started by daniel in /home/daniel/projects/pms-ic/PMS_IC_BackEnd_v1.2)
2026-01-07T01:00:37.156+09:00 DEBUG 23068 --- [pms-backend] [           main] com.insuretech.pms.PmsApplicationTests   : Running with Spring Boot v3.2.1, Spring v6.1.2
2026-01-07T01:00:37.157+09:00  INFO 23068 --- [pms-backend] [           main] com.insuretech.pms.PmsApplicationTests   : The following 1 profile is active: "test"
2026-01-07T01:00:38.165+09:00  INFO 23068 --- [pms-backend] [           main] .s.d.r.c.RepositoryConfigurationDelegate : Multiple Spring Data modules found, entering strict repository configuration mode
2026-01-07T01:00:38.167+09:00  INFO 23068 --- [pms-backend] [           main] .s.d.r.c.RepositoryConfigurationDelegate : Bootstrapping Spring Data JPA repositories in DEFAULT mode.
2026-01-07T01:00:38.302+09:00  INFO 23068 --- [pms-backend] [           main] .s.d.r.c.RepositoryConfigurationDelegate : Finished Spring Data repository scanning in 129 ms. Found 14 JPA repository interfaces.
2026-01-07T01:00:38.316+09:00  INFO 23068 --- [pms-backend] [           main] .s.d.r.c.RepositoryConfigurationDelegate : Multiple Spring Data modules found, entering strict repository configuration mode
2026-01-07T01:00:38.317+09:00  INFO 23068 --- [pms-backend] [           main] .s.d.r.c.RepositoryConfigurationDelegate : Bootstrapping Spring Data Redis repositories in DEFAULT mode.
2026-01-07T01:00:38.334+09:00  INFO 23068 --- [pms-backend] [           main] .RepositoryConfigurationExtensionSupport : Spring Data Redis - Could not safely identify store assignment for repository candidate interface com.insuretech.pms.auth.repository.PermissionRepository; If you want this repository to be a Redis repository, consider annotating your entities with one of these annotations: org.springframework.data.redis.core.RedisHash (preferred), or consider extending one of the following types with your repository: org.springframework.data.keyvalue.repository.KeyValueRepository
2026-01-07T01:00:38.335+09:00  INFO 23068 --- [pms-backend] [           main] .RepositoryConfigurationExtensionSupport : Spring Data Redis - Could not safely identify store assignment for repository candidate interface com.insuretech.pms.auth.repository.RolePermissionRepository; If you want this repository to be a Redis repository, consider annotating your entities with one of these annotations: org.springframework.data.redis.core.RedisHash (preferred), or consider extending one of the following types with your repository: org.springframework.data.keyvalue.repository.KeyValueRepository
2026-01-07T01:00:38.335+09:00  INFO 23068 --- [pms-backend] [           main] .RepositoryConfigurationExtensionSupport : Spring Data Redis - Could not safely identify store assignment for repository candidate interface com.insuretech.pms.auth.repository.UserRepository; If you want this repository to be a Redis repository, consider annotating your entities with one of these annotations: org.springframework.data.redis.core.RedisHash (preferred), or consider extending one of the following types with your repository: org.springframework.data.keyvalue.repository.KeyValueRepository
2026-01-07T01:00:38.335+09:00  INFO 23068 --- [pms-backend] [           main] .RepositoryConfigurationExtensionSupport : Spring Data Redis - Could not safely identify store assignment for repository candidate interface com.insuretech.pms.chat.repository.ChatMessageRepository; If you want this repository to be a Redis repository, consider annotating your entities with one of these annotations: org.springframework.data.redis.core.RedisHash (preferred), or consider extending one of the following types with your repository: org.springframework.data.keyvalue.repository.KeyValueRepository
2026-01-07T01:00:38.336+09:00  INFO 23068 --- [pms-backend] [           main] .RepositoryConfigurationExtensionSupport : Spring Data Redis - Could not safely identify store assignment for repository candidate interface com.insuretech.pms.chat.repository.ChatSessionRepository; If you want this repository to be a Redis repository, consider annotating your entities with one of these annotations: org.springframework.data.redis.core.RedisHash (preferred), or consider extending one of the following types with your repository: org.springframework.data.keyvalue.repository.KeyValueRepository
2026-01-07T01:00:38.336+09:00  INFO 23068 --- [pms-backend] [           main] .RepositoryConfigurationExtensionSupport : Spring Data Redis - Could not safely identify store assignment for repository candidate interface com.insuretech.pms.project.repository.DeliverableRepository; If you want this repository to be a Redis repository, consider annotating your entities with one of these annotations: org.springframework.data.redis.core.RedisHash (preferred), or consider extending one of the following types with your repository: org.springframework.data.keyvalue.repository.KeyValueRepository
2026-01-07T01:00:38.336+09:00  INFO 23068 --- [pms-backend] [           main] .RepositoryConfigurationExtensionSupport : Spring Data Redis - Could not safely identify store assignment for repository candidate interface com.insuretech.pms.project.repository.KpiRepository; If you want this repository to be a Redis repository, consider annotating your entities with one of these annotations: org.springframework.data.redis.core.RedisHash (preferred), or consider extending one of the following types with your repository: org.springframework.data.keyvalue.repository.KeyValueRepository
2026-01-07T01:00:38.336+09:00  INFO 23068 --- [pms-backend] [           main] .RepositoryConfigurationExtensionSupport : Spring Data Redis - Could not safely identify store assignment for repository candidate interface com.insuretech.pms.project.repository.PhaseGateRepository; If you want this repository to be a Redis repository, consider annotating your entities with one of these annotations: org.springframework.data.redis.core.RedisHash (preferred), or consider extending one of the following types with your repository: org.springframework.data.keyvalue.repository.KeyValueRepository
2026-01-07T01:00:38.336+09:00  INFO 23068 --- [pms-backend] [           main] .RepositoryConfigurationExtensionSupport : Spring Data Redis - Could not safely identify store assignment for repository candidate interface com.insuretech.pms.project.repository.PhaseRepository; If you want this repository to be a Redis repository, consider annotating your entities with one of these annotations: org.springframework.data.redis.core.RedisHash (preferred), or consider extending one of the following types with your repository: org.springframework.data.keyvalue.repository.KeyValueRepository
2026-01-07T01:00:38.337+09:00  INFO 23068 --- [pms-backend] [           main] .RepositoryConfigurationExtensionSupport : Spring Data Redis - Could not safely identify store assignment for repository candidate interface com.insuretech.pms.project.repository.ProjectRepository; If you want this repository to be a Redis repository, consider annotating your entities with one of these annotations: org.springframework.data.redis.core.RedisHash (preferred), or consider extending one of the following types with your repository: org.springframework.data.keyvalue.repository.KeyValueRepository
2026-01-07T01:00:38.337+09:00  INFO 23068 --- [pms-backend] [           main] .RepositoryConfigurationExtensionSupport : Spring Data Redis - Could not safely identify store assignment for repository candidate interface com.insuretech.pms.task.repository.KanbanColumnRepository; If you want this repository to be a Redis repository, consider annotating your entities with one of these annotations: org.springframework.data.redis.core.RedisHash (preferred), or consider extending one of the following types with your repository: org.springframework.data.keyvalue.repository.KeyValueRepository
2026-01-07T01:00:38.337+09:00  INFO 23068 --- [pms-backend] [           main] .RepositoryConfigurationExtensionSupport : Spring Data Redis - Could not safely identify store assignment for repository candidate interface com.insuretech.pms.task.repository.SprintRepository; If you want this repository to be a Redis repository, consider annotating your entities with one of these annotations: org.springframework.data.redis.core.RedisHash (preferred), or consider extending one of the following types with your repository: org.springframework.data.keyvalue.repository.KeyValueRepository
2026-01-07T01:00:38.337+09:00  INFO 23068 --- [pms-backend] [           main] .RepositoryConfigurationExtensionSupport : Spring Data Redis - Could not safely identify store assignment for repository candidate interface com.insuretech.pms.task.repository.TaskRepository; If you want this repository to be a Redis repository, consider annotating your entities with one of these annotations: org.springframework.data.redis.core.RedisHash (preferred), or consider extending one of the following types with your repository: org.springframework.data.keyvalue.repository.KeyValueRepository
2026-01-07T01:00:38.338+09:00  INFO 23068 --- [pms-backend] [           main] .RepositoryConfigurationExtensionSupport : Spring Data Redis - Could not safely identify store assignment for repository candidate interface com.insuretech.pms.task.repository.UserStoryRepository; If you want this repository to be a Redis repository, consider annotating your entities with one of these annotations: org.springframework.data.redis.core.RedisHash (preferred), or consider extending one of the following types with your repository: org.springframework.data.keyvalue.repository.KeyValueRepository
2026-01-07T01:00:38.338+09:00  INFO 23068 --- [pms-backend] [           main] .s.d.r.c.RepositoryConfigurationDelegate : Finished Spring Data repository scanning in 12 ms. Found 0 Redis repository interfaces.
2026-01-07T01:00:38.980+09:00  INFO 23068 --- [pms-backend] [           main] com.zaxxer.hikari.HikariDataSource       : HikariPool-1 - Starting...
2026-01-07T01:00:39.111+09:00  INFO 23068 --- [pms-backend] [           main] com.zaxxer.hikari.pool.HikariPool        : HikariPool-1 - Added connection conn0: url=jdbc:h2:mem:testdb user=SA
2026-01-07T01:00:39.112+09:00  INFO 23068 --- [pms-backend] [           main] com.zaxxer.hikari.HikariDataSource       : HikariPool-1 - Start completed.
2026-01-07T01:00:39.228+09:00  INFO 23068 --- [pms-backend] [           main] o.hibernate.jpa.internal.util.LogHelper  : HHH000204: Processing PersistenceUnitInfo [name: default]
2026-01-07T01:00:39.274+09:00  INFO 23068 --- [pms-backend] [           main] org.hibernate.Version                    : HHH000412: Hibernate ORM core version 6.4.1.Final
2026-01-07T01:00:39.302+09:00  INFO 23068 --- [pms-backend] [           main] o.h.c.internal.RegionFactoryInitiator    : HHH000026: Second-level cache disabled
2026-01-07T01:00:39.475+09:00  INFO 23068 --- [pms-backend] [           main] o.s.o.j.p.SpringPersistenceUnitInfo      : No LoadTimeWeaver setup: ignoring JPA class transformer
2026-01-07T01:00:39.511+09:00  WARN 23068 --- [pms-backend] [           main] org.hibernate.orm.deprecation            : HHH90000025: H2Dialect does not need to be specified explicitly using 'hibernate.dialect' (remove the property setting and it will be selected by default)
2026-01-07T01:00:40.459+09:00  INFO 23068 --- [pms-backend] [           main] o.h.e.t.j.p.i.JtaPlatformInitiator       : HHH000489: No JTA platform available (set 'hibernate.transaction.jta.platform' to enable JTA platform integration)
2026-01-07T01:00:40.469+09:00 DEBUG 23068 --- [pms-backend] [           main] org.hibernate.SQL                        : 
    drop table if exists auth.permissions cascade 
2026-01-07T01:00:40.469+09:00 DEBUG 23068 --- [pms-backend] [           main] org.hibernate.SQL                        : 
    drop table if exists auth.role_permissions cascade 
2026-01-07T01:00:40.470+09:00 DEBUG 23068 --- [pms-backend] [           main] org.hibernate.SQL                        : 
    drop table if exists auth.users cascade 
2026-01-07T01:00:40.470+09:00 DEBUG 23068 --- [pms-backend] [           main] org.hibernate.SQL                        : 
    drop table if exists chat.chat_messages cascade 
2026-01-07T01:00:40.470+09:00 DEBUG 23068 --- [pms-backend] [           main] org.hibernate.SQL                        : 
    drop table if exists chat.chat_sessions cascade 
2026-01-07T01:00:40.470+09:00 DEBUG 23068 --- [pms-backend] [           main] org.hibernate.SQL                        : 
    drop table if exists project.deliverables cascade 
2026-01-07T01:00:40.470+09:00 DEBUG 23068 --- [pms-backend] [           main] org.hibernate.SQL                        : 
    drop table if exists project.kpis cascade 
2026-01-07T01:00:40.471+09:00 DEBUG 23068 --- [pms-backend] [           main] org.hibernate.SQL                        : 
    drop table if exists project.phase_gates cascade 
2026-01-07T01:00:40.471+09:00 DEBUG 23068 --- [pms-backend] [           main] org.hibernate.SQL                        : 
    drop table if exists project.phases cascade 
2026-01-07T01:00:40.471+09:00 DEBUG 23068 --- [pms-backend] [           main] org.hibernate.SQL                        : 
    drop table if exists project.projects cascade 
2026-01-07T01:00:40.471+09:00 DEBUG 23068 --- [pms-backend] [           main] org.hibernate.SQL                        : 
    drop table if exists task.kanban_columns cascade 
2026-01-07T01:00:40.472+09:00 DEBUG 23068 --- [pms-backend] [           main] org.hibernate.SQL                        : 
    drop table if exists task.sprints cascade 
2026-01-07T01:00:40.472+09:00 DEBUG 23068 --- [pms-backend] [           main] org.hibernate.SQL                        : 
    drop table if exists task.tasks cascade 
2026-01-07T01:00:40.472+09:00 DEBUG 23068 --- [pms-backend] [           main] org.hibernate.SQL                        : 
    drop table if exists task.user_stories cascade 
2026-01-07T01:00:40.475+09:00 DEBUG 23068 --- [pms-backend] [           main] org.hibernate.SQL                        : 
    create table auth.permissions (
        created_at timestamp(6) not null,
        updated_at timestamp(6),
        action varchar(50),
        category varchar(50) not null,
        id varchar(100) not null,
        resource varchar(100),
        name varchar(200) not null,
        created_by varchar(255),
        description TEXT,
        updated_by varchar(255),
        primary key (id)
    )
2026-01-07T01:00:40.480+09:00 DEBUG 23068 --- [pms-backend] [           main] org.hibernate.SQL                        : 
    create table auth.role_permissions (
        granted boolean not null,
        created_at timestamp(6) not null,
        updated_at timestamp(6),
        id varchar(50) not null,
        role varchar(50) not null check (role in ('SPONSOR','PMO_HEAD','PM','DEVELOPER','QA','BUSINESS_ANALYST','AUDITOR','ADMIN')),
        permission_id varchar(100) not null,
        created_by varchar(255),
        updated_by varchar(255),
        primary key (id),
        unique (role, permission_id)
    )
2026-01-07T01:00:40.485+09:00 DEBUG 23068 --- [pms-backend] [           main] org.hibernate.SQL                        : 
    create table auth.users (
        active boolean not null,
        created_at timestamp(6) not null,
        last_login_at timestamp(6),
        updated_at timestamp(6),
        id varchar(50) not null,
        role varchar(50) not null check (role in ('SPONSOR','PMO_HEAD','PM','DEVELOPER','QA','BUSINESS_ANALYST','AUDITOR','ADMIN')),
        department varchar(100),
        email varchar(100) not null unique,
        name varchar(100) not null,
        created_by varchar(255),
        password varchar(255) not null,
        updated_by varchar(255),
        primary key (id)
    )
2026-01-07T01:00:40.487+09:00 DEBUG 23068 --- [pms-backend] [           main] org.hibernate.SQL                        : 
    create table chat.chat_messages (
        created_at timestamp(6) not null,
        updated_at timestamp(6),
        role varchar(20) not null check (role in ('USER','ASSISTANT')),
        id varchar(50) not null,
        session_id varchar(50) not null,
        content TEXT not null,
        created_by varchar(255),
        updated_by varchar(255),
        primary key (id)
    )
2026-01-07T01:00:40.488+09:00 DEBUG 23068 --- [pms-backend] [           main] org.hibernate.SQL                        : 
    create table chat.chat_sessions (
        active boolean not null,
        created_at timestamp(6) not null,
        updated_at timestamp(6),
        id varchar(50) not null,
        user_id varchar(50) not null,
        title varchar(200),
        created_by varchar(255),
        updated_by varchar(255),
        primary key (id)
    )
2026-01-07T01:00:40.490+09:00 DEBUG 23068 --- [pms-backend] [           main] org.hibernate.SQL                        : 
    create table project.deliverables (
        approved_at timestamp(6),
        created_at timestamp(6) not null,
        file_size bigint,
        updated_at timestamp(6),
        approver varchar(50),
        id varchar(50) not null,
        phase_id varchar(50) not null,
        status varchar(50) not null check (status in ('PENDING','IN_REVIEW','APPROVED','REJECTED')),
        type varchar(50) not null check (type in ('DOCUMENT','CODE','REPORT','PRESENTATION','OTHER')),
        uploaded_by varchar(50),
        file_name varchar(200),
        name varchar(200) not null,
        file_path varchar(500),
        created_by varchar(255),
        description TEXT,
        updated_by varchar(255),
        primary key (id)
    )
2026-01-07T01:00:40.492+09:00 DEBUG 23068 --- [pms-backend] [           main] org.hibernate.SQL                        : 
    create table project.kpis (
        created_at timestamp(6) not null,
        updated_at timestamp(6),
        id varchar(50) not null,
        phase_id varchar(50) not null,
        status varchar(50) not null check (status in ('ACHIEVED','ON_TRACK','AT_RISK')),
        current varchar(100),
        target varchar(100) not null,
        name varchar(200) not null,
        created_by varchar(255),
        updated_by varchar(255),
        primary key (id)
    )
2026-01-07T01:00:40.494+09:00 DEBUG 23068 --- [pms-backend] [           main] org.hibernate.SQL                        : 
    create table project.phase_gates (
        approved_at timestamp(6),
        created_at timestamp(6) not null,
        rejected_at timestamp(6),
        submitted_at timestamp(6),
        updated_at timestamp(6),
        approved_by varchar(50),
        id varchar(50) not null,
        phase_id varchar(50) not null,
        rejected_by varchar(50),
        status varchar(50) not null check (status in ('PENDING','SUBMITTED','APPROVED','REJECTED')),
        submitted_by varchar(50),
        comments TEXT,
        created_by varchar(255),
        updated_by varchar(255),
        primary key (id)
    )
2026-01-07T01:00:40.496+09:00 DEBUG 23068 --- [pms-backend] [           main] org.hibernate.SQL                        : 
    create table project.phases (
        end_date date,
        order_num integer not null,
        progress integer not null,
        start_date date,
        created_at timestamp(6) not null,
        updated_at timestamp(6),
        gate_status varchar(50) check (gate_status in ('PENDING','SUBMITTED','APPROVED','REJECTED')),
        id varchar(50) not null,
        project_id varchar(50) not null,
        status varchar(50) not null check (status in ('NOT_STARTED','IN_PROGRESS','COMPLETED','ON_HOLD')),
        name varchar(200) not null,
        created_by varchar(255),
        description TEXT,
        updated_by varchar(255),
        primary key (id)
    )
2026-01-07T01:00:40.498+09:00 DEBUG 23068 --- [pms-backend] [           main] org.hibernate.SQL                        : 
    create table project.projects (
        budget numeric(15,2),
        end_date date,
        progress integer not null,
        start_date date,
        created_at timestamp(6) not null,
        updated_at timestamp(6),
        id varchar(50) not null,
        status varchar(50) not null check (status in ('PLANNING','IN_PROGRESS','ON_HOLD','COMPLETED','CANCELLED')),
        name varchar(200) not null,
        created_by varchar(255),
        description TEXT,
        updated_by varchar(255),
        primary key (id)
    )
2026-01-07T01:00:40.500+09:00 DEBUG 23068 --- [pms-backend] [           main] org.hibernate.SQL                        : 
    create table task.kanban_columns (
        order_num integer not null,
        wip_limit integer,
        created_at timestamp(6) not null,
        updated_at timestamp(6),
        color varchar(20),
        id varchar(50) not null,
        project_id varchar(50) not null,
        name varchar(100) not null,
        created_by varchar(255),
        updated_by varchar(255),
        primary key (id)
    )
2026-01-07T01:00:40.501+09:00 DEBUG 23068 --- [pms-backend] [           main] org.hibernate.SQL                        : 
    create table task.sprints (
        end_date date,
        start_date date,
        created_at timestamp(6) not null,
        updated_at timestamp(6),
        id varchar(50) not null,
        project_id varchar(50) not null,
        status varchar(50) not null check (status in ('PLANNED','ACTIVE','COMPLETED','CANCELLED')),
        name varchar(100) not null,
        created_by varchar(255),
        goal TEXT,
        updated_by varchar(255),
        primary key (id)
    )
2026-01-07T01:00:40.503+09:00 DEBUG 23068 --- [pms-backend] [           main] org.hibernate.SQL                        : 
    create table task.tasks (
        due_date date,
        order_num integer,
        created_at timestamp(6) not null,
        updated_at timestamp(6),
        priority varchar(20) not null check (priority in ('LOW','MEDIUM','HIGH','CRITICAL')),
        assignee_id varchar(50),
        column_id varchar(50) not null,
        id varchar(50) not null,
        phase_id varchar(50),
        status varchar(50) not null check (status in ('TODO','IN_PROGRESS','REVIEW','DONE')),
        title varchar(200) not null,
        tags varchar(500),
        created_by varchar(255),
        description TEXT,
        updated_by varchar(255),
        primary key (id)
    )
2026-01-07T01:00:40.505+09:00 DEBUG 23068 --- [pms-backend] [           main] org.hibernate.SQL                        : 
    create table task.user_stories (
        priority_order integer,
        story_points integer,
        created_at timestamp(6) not null,
        updated_at timestamp(6),
        priority varchar(20) not null check (priority in ('LOW','MEDIUM','HIGH','CRITICAL')),
        assignee_id varchar(50),
        id varchar(50) not null,
        project_id varchar(50) not null,
        sprint_id varchar(50),
        status varchar(50) not null check (status in ('BACKLOG','SELECTED','IN_PROGRESS','COMPLETED','CANCELLED')),
        epic varchar(100),
        title varchar(200) not null,
        acceptance_criteria TEXT,
        created_by varchar(255),
        description TEXT,
        updated_by varchar(255),
        primary key (id)
    )
2026-01-07T01:00:40.507+09:00 DEBUG 23068 --- [pms-backend] [           main] org.hibernate.SQL                        : 
    alter table if exists auth.role_permissions 
       add constraint FKegdk29eiy7mdtefy5c7eirr6e 
       foreign key (permission_id) 
       references auth.permissions
2026-01-07T01:00:40.515+09:00 DEBUG 23068 --- [pms-backend] [           main] org.hibernate.SQL                        : 
    alter table if exists chat.chat_messages 
       add constraint FK3cpkdtwdxndrjhrx3gt9q5ux9 
       foreign key (session_id) 
       references chat.chat_sessions
2026-01-07T01:00:40.516+09:00 DEBUG 23068 --- [pms-backend] [           main] org.hibernate.SQL                        : 
    alter table if exists project.deliverables 
       add constraint FKcd22r03cehbp5p2jn2mkv34oh 
       foreign key (phase_id) 
       references project.phases
2026-01-07T01:00:40.517+09:00 DEBUG 23068 --- [pms-backend] [           main] org.hibernate.SQL                        : 
    alter table if exists project.kpis 
       add constraint FKnh1feih4rmq1l3scneefwlh66 
       foreign key (phase_id) 
       references project.phases
2026-01-07T01:00:40.519+09:00 DEBUG 23068 --- [pms-backend] [           main] org.hibernate.SQL                        : 
    alter table if exists project.phase_gates 
       add constraint FK7uks9k66rxkyycybmcelu3qgy 
       foreign key (phase_id) 
       references project.phases
2026-01-07T01:00:40.520+09:00 DEBUG 23068 --- [pms-backend] [           main] org.hibernate.SQL                        : 
    alter table if exists project.phases 
       add constraint FKp0vs31guyj5itugskrstnrm4y 
       foreign key (project_id) 
       references project.projects
2026-01-07T01:00:40.521+09:00 DEBUG 23068 --- [pms-backend] [           main] org.hibernate.SQL                        : 
    alter table if exists task.tasks 
       add constraint FKqgwaiqxymudd3ega3in76ydsi 
       foreign key (column_id) 
       references task.kanban_columns
2026-01-07T01:00:40.523+09:00 DEBUG 23068 --- [pms-backend] [           main] org.hibernate.SQL                        : 
    alter table if exists task.user_stories 
       add constraint FKhs7f69eg9suwnn7h81anvhutk 
       foreign key (sprint_id) 
       references task.sprints
2026-01-07T01:00:40.526+09:00  INFO 23068 --- [pms-backend] [           main] j.LocalContainerEntityManagerFactoryBean : Initialized JPA EntityManagerFactory for persistence unit 'default'
2026-01-07T01:00:41.356+09:00  INFO 23068 --- [pms-backend] [           main] o.s.d.j.r.query.QueryEnhancerFactory     : Hibernate is in classpath; If applicable, HQL parser will be used.
2026-01-07T01:00:42.276+09:00  WARN 23068 --- [pms-backend] [           main] JpaBaseConfiguration$JpaWebConfiguration : spring.jpa.open-in-view is enabled by default. Therefore, database queries may be performed during view rendering. Explicitly configure spring.jpa.open-in-view to disable this warning
2026-01-07T01:00:42.729+09:00  INFO 23068 --- [pms-backend] [           main] o.s.b.a.e.web.EndpointLinksResolver      : Exposing 3 endpoint(s) beneath base path '/actuator'
2026-01-07T01:00:42.795+09:00  INFO 23068 --- [pms-backend] [           main] o.s.s.web.DefaultSecurityFilterChain     : Will secure any request with [org.springframework.security.web.session.DisableEncodeUrlFilter@13b85e31, org.springframework.security.web.context.request.async.WebAsyncManagerIntegrationFilter@5437c315, org.springframework.security.web.context.SecurityContextHolderFilter@4a5939cb, org.springframework.security.web.header.HeaderWriterFilter@17c3a3, org.springframework.web.filter.CorsFilter@7c81b1e1, org.springframework.web.filter.CorsFilter@5dc9d857, org.springframework.security.web.authentication.logout.LogoutFilter@7b301349, com.insuretech.pms.common.security.JwtAuthenticationFilter@2aea50a6, org.springframework.security.web.savedrequest.RequestCacheAwareFilter@7977ed32, org.springframework.security.web.servletapi.SecurityContextHolderAwareRequestFilter@65b75087, org.springframework.security.web.authentication.AnonymousAuthenticationFilter@cd14c09, org.springframework.security.web.session.SessionManagementFilter@5a1dda88, org.springframework.security.web.access.ExceptionTranslationFilter@2265792c, org.springframework.security.web.access.intercept.AuthorizationFilter@416bf563]
2026-01-07T01:00:43.377+09:00  INFO 23068 --- [pms-backend] [           main] o.s.b.a.h2.H2ConsoleAutoConfiguration    : H2 console available at '/h2-console'. Database available at 'jdbc:h2:mem:testdb'
2026-01-07T01:00:43.477+09:00  INFO 23068 --- [pms-backend] [           main] com.insuretech.pms.PmsApplicationTests   : Started PmsApplicationTests in 6.57 seconds (process running for 7.276)
2026-01-07T01:00:43.574+09:00 DEBUG 23068 --- [pms-backend] [           main] org.hibernate.SQL                        : 
    select
        count(*) 
    from
        auth.permissions p1_0
2026-01-07T01:00:43.608+09:00 DEBUG 23068 --- [pms-backend] [           main] org.hibernate.SQL                        : 
    select
        p1_0.id,
        p1_0.action,
        p1_0.category,
        p1_0.created_at,
        p1_0.created_by,
        p1_0.description,
        p1_0.name,
        p1_0.resource,
        p1_0.updated_at,
        p1_0.updated_by 
    from
        auth.permissions p1_0 
    where
        p1_0.id=?
2026-01-07T01:00:43.632+09:00 DEBUG 23068 --- [pms-backend] [           main] org.hibernate.SQL                        : 
    select
        p1_0.id,
        p1_0.action,
        p1_0.category,
        p1_0.created_at,
        p1_0.created_by,
        p1_0.description,
        p1_0.name,
        p1_0.resource,
        p1_0.updated_at,
        p1_0.updated_by 
    from
        auth.permissions p1_0 
    where
        p1_0.id=?
2026-01-07T01:00:43.633+09:00 DEBUG 23068 --- [pms-backend] [           main] org.hibernate.SQL                        : 
    select
        p1_0.id,
        p1_0.action,
        p1_0.category,
        p1_0.created_at,
        p1_0.created_by,
        p1_0.description,
        p1_0.name,
        p1_0.resource,
        p1_0.updated_at,
        p1_0.updated_by 
    from
        auth.permissions p1_0 
    where
        p1_0.id=?
2026-01-07T01:00:43.634+09:00 DEBUG 23068 --- [pms-backend] [           main] org.hibernate.SQL                        : 
    select
        p1_0.id,
        p1_0.action,
        p1_0.category,
        p1_0.created_at,
        p1_0.created_by,
        p1_0.description,
        p1_0.name,
        p1_0.resource,
        p1_0.updated_at,
        p1_0.updated_by 
    from
        auth.permissions p1_0 
    where
        p1_0.id=?
2026-01-07T01:00:43.635+09:00 DEBUG 23068 --- [pms-backend] [           main] org.hibernate.SQL                        : 
    select
        p1_0.id,
        p1_0.action,
        p1_0.category,
        p1_0.created_at,
        p1_0.created_by,
        p1_0.description,
        p1_0.name,
        p1_0.resource,
        p1_0.updated_at,
        p1_0.updated_by 
    from
        auth.permissions p1_0 
    where
        p1_0.id=?
2026-01-07T01:00:43.636+09:00 DEBUG 23068 --- [pms-backend] [           main] org.hibernate.SQL                        : 
    select
        p1_0.id,
        p1_0.action,
        p1_0.category,
        p1_0.created_at,
        p1_0.created_by,
        p1_0.description,
        p1_0.name,
        p1_0.resource,
        p1_0.updated_at,
        p1_0.updated_by 
    from
        auth.permissions p1_0 
    where
        p1_0.id=?
2026-01-07T01:00:43.636+09:00 DEBUG 23068 --- [pms-backend] [           main] org.hibernate.SQL                        : 
    select
        p1_0.id,
        p1_0.action,
        p1_0.category,
        p1_0.created_at,
        p1_0.created_by,
        p1_0.description,
        p1_0.name,
        p1_0.resource,
        p1_0.updated_at,
        p1_0.updated_by 
    from
        auth.permissions p1_0 
    where
        p1_0.id=?
2026-01-07T01:00:43.637+09:00 DEBUG 23068 --- [pms-backend] [           main] org.hibernate.SQL                        : 
    select
        p1_0.id,
        p1_0.action,
        p1_0.category,
        p1_0.created_at,
        p1_0.created_by,
        p1_0.description,
        p1_0.name,
        p1_0.resource,
        p1_0.updated_at,
        p1_0.updated_by 
    from
        auth.permissions p1_0 
    where
        p1_0.id=?
2026-01-07T01:00:43.638+09:00 DEBUG 23068 --- [pms-backend] [           main] org.hibernate.SQL                        : 
    select
        p1_0.id,
        p1_0.action,
        p1_0.category,
        p1_0.created_at,
        p1_0.created_by,
        p1_0.description,
        p1_0.name,
        p1_0.resource,
        p1_0.updated_at,
        p1_0.updated_by 
    from
        auth.permissions p1_0 
    where
        p1_0.id=?
2026-01-07T01:00:43.638+09:00 DEBUG 23068 --- [pms-backend] [           main] org.hibernate.SQL                        : 
    select
        p1_0.id,
        p1_0.action,
        p1_0.category,
        p1_0.created_at,
        p1_0.created_by,
        p1_0.description,
        p1_0.name,
        p1_0.resource,
        p1_0.updated_at,
        p1_0.updated_by 
    from
        auth.permissions p1_0 
    where
        p1_0.id=?
2026-01-07T01:00:43.639+09:00 DEBUG 23068 --- [pms-backend] [           main] org.hibernate.SQL                        : 
    select
        p1_0.id,
        p1_0.action,
        p1_0.category,
        p1_0.created_at,
        p1_0.created_by,
        p1_0.description,
        p1_0.name,
        p1_0.resource,
        p1_0.updated_at,
        p1_0.updated_by 
    from
        auth.permissions p1_0 
    where
        p1_0.id=?
2026-01-07T01:00:43.640+09:00 DEBUG 23068 --- [pms-backend] [           main] org.hibernate.SQL                        : 
    select
        p1_0.id,
        p1_0.action,
        p1_0.category,
        p1_0.created_at,
        p1_0.created_by,
        p1_0.description,
        p1_0.name,
        p1_0.resource,
        p1_0.updated_at,
        p1_0.updated_by 
    from
        auth.permissions p1_0 
    where
        p1_0.id=?
2026-01-07T01:00:43.640+09:00 DEBUG 23068 --- [pms-backend] [           main] org.hibernate.SQL                        : 
    select
        p1_0.id,
        p1_0.action,
        p1_0.category,
        p1_0.created_at,
        p1_0.created_by,
        p1_0.description,
        p1_0.name,
        p1_0.resource,
        p1_0.updated_at,
        p1_0.updated_by 
    from
        auth.permissions p1_0 
    where
        p1_0.id=?
2026-01-07T01:00:43.651+09:00 DEBUG 23068 --- [pms-backend] [           main] org.hibernate.SQL                        : 
    insert 
    into
        auth.permissions
        (action, category, created_at, created_by, description, name, resource, updated_at, updated_by, id) 
    values
        (?, ?, ?, ?, ?, ?, ?, ?, ?, ?)
2026-01-07T01:00:43.656+09:00 DEBUG 23068 --- [pms-backend] [           main] org.hibernate.SQL                        : 
    insert 
    into
        auth.permissions
        (action, category, created_at, created_by, description, name, resource, updated_at, updated_by, id) 
    values
        (?, ?, ?, ?, ?, ?, ?, ?, ?, ?)
2026-01-07T01:00:43.657+09:00 DEBUG 23068 --- [pms-backend] [           main] org.hibernate.SQL                        : 
    insert 
    into
        auth.permissions
        (action, category, created_at, created_by, description, name, resource, updated_at, updated_by, id) 
    values
        (?, ?, ?, ?, ?, ?, ?, ?, ?, ?)
2026-01-07T01:00:43.657+09:00 DEBUG 23068 --- [pms-backend] [           main] org.hibernate.SQL                        : 
    insert 
    into
        auth.permissions
        (action, category, created_at, created_by, description, name, resource, updated_at, updated_by, id) 
    values
        (?, ?, ?, ?, ?, ?, ?, ?, ?, ?)
2026-01-07T01:00:43.658+09:00 DEBUG 23068 --- [pms-backend] [           main] org.hibernate.SQL                        : 
    insert 
    into
        auth.permissions
        (action, category, created_at, created_by, description, name, resource, updated_at, updated_by, id) 
    values
        (?, ?, ?, ?, ?, ?, ?, ?, ?, ?)
2026-01-07T01:00:43.658+09:00 DEBUG 23068 --- [pms-backend] [           main] org.hibernate.SQL                        : 
    insert 
    into
        auth.permissions
        (action, category, created_at, created_by, description, name, resource, updated_at, updated_by, id) 
    values
        (?, ?, ?, ?, ?, ?, ?, ?, ?, ?)
2026-01-07T01:00:43.659+09:00 DEBUG 23068 --- [pms-backend] [           main] org.hibernate.SQL                        : 
    insert 
    into
        auth.permissions
        (action, category, created_at, created_by, description, name, resource, updated_at, updated_by, id) 
    values
        (?, ?, ?, ?, ?, ?, ?, ?, ?, ?)
2026-01-07T01:00:43.659+09:00 DEBUG 23068 --- [pms-backend] [           main] org.hibernate.SQL                        : 
    insert 
    into
        auth.permissions
        (action, category, created_at, created_by, description, name, resource, updated_at, updated_by, id) 
    values
        (?, ?, ?, ?, ?, ?, ?, ?, ?, ?)
2026-01-07T01:00:43.660+09:00 DEBUG 23068 --- [pms-backend] [           main] org.hibernate.SQL                        : 
    insert 
    into
        auth.permissions
        (action, category, created_at, created_by, description, name, resource, updated_at, updated_by, id) 
    values
        (?, ?, ?, ?, ?, ?, ?, ?, ?, ?)
2026-01-07T01:00:43.660+09:00 DEBUG 23068 --- [pms-backend] [           main] org.hibernate.SQL                        : 
    insert 
    into
        auth.permissions
        (action, category, created_at, created_by, description, name, resource, updated_at, updated_by, id) 
    values
        (?, ?, ?, ?, ?, ?, ?, ?, ?, ?)
2026-01-07T01:00:43.661+09:00 DEBUG 23068 --- [pms-backend] [           main] org.hibernate.SQL                        : 
    insert 
    into
        auth.permissions
        (action, category, created_at, created_by, description, name, resource, updated_at, updated_by, id) 
    values
        (?, ?, ?, ?, ?, ?, ?, ?, ?, ?)
2026-01-07T01:00:43.661+09:00 DEBUG 23068 --- [pms-backend] [           main] org.hibernate.SQL                        : 
    insert 
    into
        auth.permissions
        (action, category, created_at, created_by, description, name, resource, updated_at, updated_by, id) 
    values
        (?, ?, ?, ?, ?, ?, ?, ?, ?, ?)
2026-01-07T01:00:43.662+09:00 DEBUG 23068 --- [pms-backend] [           main] org.hibernate.SQL                        : 
    insert 
    into
        auth.permissions
        (action, category, created_at, created_by, description, name, resource, updated_at, updated_by, id) 
    values
        (?, ?, ?, ?, ?, ?, ?, ?, ?, ?)
2026-01-07T01:00:43.671+09:00 DEBUG 23068 --- [pms-backend] [           main] org.hibernate.SQL                        : 
    select
        null,
        p1_0.action,
        p1_0.category,
        p1_0.created_at,
        p1_0.created_by,
        p1_0.description,
        p1_0.name,
        p1_0.resource,
        p1_0.updated_at,
        p1_0.updated_by 
    from
        auth.permissions p1_0 
    where
        p1_0.id=?
2026-01-07T01:00:43.672+09:00 DEBUG 23068 --- [pms-backend] [           main] org.hibernate.SQL                        : 
    select
        null,
        p1_0.action,
        p1_0.category,
        p1_0.created_at,
        p1_0.created_by,
        p1_0.description,
        p1_0.name,
        p1_0.resource,
        p1_0.updated_at,
        p1_0.updated_by 
    from
        auth.permissions p1_0 
    where
        p1_0.id=?
2026-01-07T01:00:43.674+09:00 DEBUG 23068 --- [pms-backend] [           main] org.hibernate.SQL                        : 
    select
        null,
        p1_0.action,
        p1_0.category,
        p1_0.created_at,
        p1_0.created_by,
        p1_0.description,
        p1_0.name,
        p1_0.resource,
        p1_0.updated_at,
        p1_0.updated_by 
    from
        auth.permissions p1_0 
    where
        p1_0.id=?
2026-01-07T01:00:43.675+09:00 DEBUG 23068 --- [pms-backend] [           main] org.hibernate.SQL                        : 
    select
        null,
        p1_0.action,
        p1_0.category,
        p1_0.created_at,
        p1_0.created_by,
        p1_0.description,
        p1_0.name,
        p1_0.resource,
        p1_0.updated_at,
        p1_0.updated_by 
    from
        auth.permissions p1_0 
    where
        p1_0.id=?
2026-01-07T01:00:43.677+09:00 DEBUG 23068 --- [pms-backend] [           main] org.hibernate.SQL                        : 
    select
        null,
        p1_0.action,
        p1_0.category,
        p1_0.created_at,
        p1_0.created_by,
        p1_0.description,
        p1_0.name,
        p1_0.resource,
        p1_0.updated_at,
        p1_0.updated_by 
    from
        auth.permissions p1_0 
    where
        p1_0.id=?
2026-01-07T01:00:43.678+09:00 DEBUG 23068 --- [pms-backend] [           main] org.hibernate.SQL                        : 
    select
        null,
        p1_0.action,
        p1_0.category,
        p1_0.created_at,
        p1_0.created_by,
        p1_0.description,
        p1_0.name,
        p1_0.resource,
        p1_0.updated_at,
        p1_0.updated_by 
    from
        auth.permissions p1_0 
    where
        p1_0.id=?
2026-01-07T01:00:43.679+09:00 DEBUG 23068 --- [pms-backend] [           main] org.hibernate.SQL                        : 
    select
        null,
        p1_0.action,
        p1_0.category,
        p1_0.created_at,
        p1_0.created_by,
        p1_0.description,
        p1_0.name,
        p1_0.resource,
        p1_0.updated_at,
        p1_0.updated_by 
    from
        auth.permissions p1_0 
    where
        p1_0.id=?
2026-01-07T01:00:43.679+09:00 DEBUG 23068 --- [pms-backend] [           main] org.hibernate.SQL                        : 
    select
        null,
        p1_0.action,
        p1_0.category,
        p1_0.created_at,
        p1_0.created_by,
        p1_0.description,
        p1_0.name,
        p1_0.resource,
        p1_0.updated_at,
        p1_0.updated_by 
    from
        auth.permissions p1_0 
    where
        p1_0.id=?
2026-01-07T01:00:43.680+09:00 DEBUG 23068 --- [pms-backend] [           main] org.hibernate.SQL                        : 
    select
        null,
        p1_0.action,
        p1_0.category,
        p1_0.created_at,
        p1_0.created_by,
        p1_0.description,
        p1_0.name,
        p1_0.resource,
        p1_0.updated_at,
        p1_0.updated_by 
    from
        auth.permissions p1_0 
    where
        p1_0.id=?
2026-01-07T01:00:43.682+09:00 DEBUG 23068 --- [pms-backend] [           main] org.hibernate.SQL                        : 
    select
        null,
        p1_0.action,
        p1_0.category,
        p1_0.created_at,
        p1_0.created_by,
        p1_0.description,
        p1_0.name,
        p1_0.resource,
        p1_0.updated_at,
        p1_0.updated_by 
    from
        auth.permissions p1_0 
    where
        p1_0.id=?
2026-01-07T01:00:43.684+09:00 DEBUG 23068 --- [pms-backend] [           main] org.hibernate.SQL                        : 
    select
        null,
        p1_0.action,
        p1_0.category,
        p1_0.created_at,
        p1_0.created_by,
        p1_0.description,
        p1_0.name,
        p1_0.resource,
        p1_0.updated_at,
        p1_0.updated_by 
    from
        auth.permissions p1_0 
    where
        p1_0.id=?
2026-01-07T01:00:43.685+09:00 DEBUG 23068 --- [pms-backend] [           main] org.hibernate.SQL                        : 
    select
        null,
        p1_0.action,
        p1_0.category,
        p1_0.created_at,
        p1_0.created_by,
        p1_0.description,
        p1_0.name,
        p1_0.resource,
        p1_0.updated_at,
        p1_0.updated_by 
    from
        auth.permissions p1_0 
    where
        p1_0.id=?
2026-01-07T01:00:43.691+09:00 DEBUG 23068 --- [pms-backend] [           main] org.hibernate.SQL                        : 
    select
        null,
        p1_0.action,
        p1_0.category,
        p1_0.created_at,
        p1_0.created_by,
        p1_0.description,
        p1_0.name,
        p1_0.resource,
        p1_0.updated_at,
        p1_0.updated_by 
    from
        auth.permissions p1_0 
    where
        p1_0.id=?
2026-01-07T01:00:43.694+09:00 DEBUG 23068 --- [pms-backend] [           main] org.hibernate.SQL                        : 
    insert 
    into
        auth.role_permissions
        (created_at, created_by, granted, permission_id, role, updated_at, updated_by, id) 
    values
        (?, ?, ?, ?, ?, ?, ?, ?)
2026-01-07T01:00:43.695+09:00 DEBUG 23068 --- [pms-backend] [           main] org.hibernate.SQL                        : 
    insert 
    into
        auth.role_permissions
        (created_at, created_by, granted, permission_id, role, updated_at, updated_by, id) 
    values
        (?, ?, ?, ?, ?, ?, ?, ?)
2026-01-07T01:00:43.696+09:00 DEBUG 23068 --- [pms-backend] [           main] org.hibernate.SQL                        : 
    insert 
    into
        auth.role_permissions
        (created_at, created_by, granted, permission_id, role, updated_at, updated_by, id) 
    values
        (?, ?, ?, ?, ?, ?, ?, ?)
2026-01-07T01:00:43.696+09:00 DEBUG 23068 --- [pms-backend] [           main] org.hibernate.SQL                        : 
    insert 
    into
        auth.role_permissions
        (created_at, created_by, granted, permission_id, role, updated_at, updated_by, id) 
    values
        (?, ?, ?, ?, ?, ?, ?, ?)
2026-01-07T01:00:43.697+09:00 DEBUG 23068 --- [pms-backend] [           main] org.hibernate.SQL                        : 
    insert 
    into
        auth.role_permissions
        (created_at, created_by, granted, permission_id, role, updated_at, updated_by, id) 
    values
        (?, ?, ?, ?, ?, ?, ?, ?)
2026-01-07T01:00:43.697+09:00 DEBUG 23068 --- [pms-backend] [           main] org.hibernate.SQL                        : 
    insert 
    into
        auth.role_permissions
        (created_at, created_by, granted, permission_id, role, updated_at, updated_by, id) 
    values
        (?, ?, ?, ?, ?, ?, ?, ?)
2026-01-07T01:00:43.698+09:00 DEBUG 23068 --- [pms-backend] [           main] org.hibernate.SQL                        : 
    insert 
    into
        auth.role_permissions
        (created_at, created_by, granted, permission_id, role, updated_at, updated_by, id) 
    values
        (?, ?, ?, ?, ?, ?, ?, ?)
2026-01-07T01:00:43.699+09:00 DEBUG 23068 --- [pms-backend] [           main] org.hibernate.SQL                        : 
    insert 
    into
        auth.role_permissions
        (created_at, created_by, granted, permission_id, role, updated_at, updated_by, id) 
    values
        (?, ?, ?, ?, ?, ?, ?, ?)
2026-01-07T01:00:43.699+09:00 DEBUG 23068 --- [pms-backend] [           main] org.hibernate.SQL                        : 
    insert 
    into
        auth.role_permissions
        (created_at, created_by, granted, permission_id, role, updated_at, updated_by, id) 
    values
        (?, ?, ?, ?, ?, ?, ?, ?)
2026-01-07T01:00:43.700+09:00 DEBUG 23068 --- [pms-backend] [           main] org.hibernate.SQL                        : 
    insert 
    into
        auth.role_permissions
        (created_at, created_by, granted, permission_id, role, updated_at, updated_by, id) 
    values
        (?, ?, ?, ?, ?, ?, ?, ?)
2026-01-07T01:00:43.700+09:00 DEBUG 23068 --- [pms-backend] [           main] org.hibernate.SQL                        : 
    insert 
    into
        auth.role_permissions
        (created_at, created_by, granted, permission_id, role, updated_at, updated_by, id) 
    values
        (?, ?, ?, ?, ?, ?, ?, ?)
2026-01-07T01:00:43.701+09:00 DEBUG 23068 --- [pms-backend] [           main] org.hibernate.SQL                        : 
    insert 
    into
        auth.role_permissions
        (created_at, created_by, granted, permission_id, role, updated_at, updated_by, id) 
    values
        (?, ?, ?, ?, ?, ?, ?, ?)
2026-01-07T01:00:43.701+09:00 DEBUG 23068 --- [pms-backend] [           main] org.hibernate.SQL                        : 
    insert 
    into
        auth.role_permissions
        (created_at, created_by, granted, permission_id, role, updated_at, updated_by, id) 
    values
        (?, ?, ?, ?, ?, ?, ?, ?)
2026-01-07T01:00:43.702+09:00 DEBUG 23068 --- [pms-backend] [           main] org.hibernate.SQL                        : 
    insert 
    into
        auth.role_permissions
        (created_at, created_by, granted, permission_id, role, updated_at, updated_by, id) 
    values
        (?, ?, ?, ?, ?, ?, ?, ?)
2026-01-07T01:00:43.703+09:00 DEBUG 23068 --- [pms-backend] [           main] org.hibernate.SQL                        : 
    insert 
    into
        auth.role_permissions
        (created_at, created_by, granted, permission_id, role, updated_at, updated_by, id) 
    values
        (?, ?, ?, ?, ?, ?, ?, ?)
2026-01-07T01:00:43.703+09:00 DEBUG 23068 --- [pms-backend] [           main] org.hibernate.SQL                        : 
    insert 
    into
        auth.role_permissions
        (created_at, created_by, granted, permission_id, role, updated_at, updated_by, id) 
    values
        (?, ?, ?, ?, ?, ?, ?, ?)
2026-01-07T01:00:43.704+09:00 DEBUG 23068 --- [pms-backend] [           main] org.hibernate.SQL                        : 
    insert 
    into
        auth.role_permissions
        (created_at, created_by, granted, permission_id, role, updated_at, updated_by, id) 
    values
        (?, ?, ?, ?, ?, ?, ?, ?)
2026-01-07T01:00:43.704+09:00 DEBUG 23068 --- [pms-backend] [           main] org.hibernate.SQL                        : 
    insert 
    into
        auth.role_permissions
        (created_at, created_by, granted, permission_id, role, updated_at, updated_by, id) 
    values
        (?, ?, ?, ?, ?, ?, ?, ?)
2026-01-07T01:00:43.705+09:00 DEBUG 23068 --- [pms-backend] [           main] org.hibernate.SQL                        : 
    insert 
    into
        auth.role_permissions
        (created_at, created_by, granted, permission_id, role, updated_at, updated_by, id) 
    values
        (?, ?, ?, ?, ?, ?, ?, ?)
2026-01-07T01:00:43.705+09:00 DEBUG 23068 --- [pms-backend] [           main] org.hibernate.SQL                        : 
    insert 
    into
        auth.role_permissions
        (created_at, created_by, granted, permission_id, role, updated_at, updated_by, id) 
    values
        (?, ?, ?, ?, ?, ?, ?, ?)
2026-01-07T01:00:43.706+09:00 DEBUG 23068 --- [pms-backend] [           main] org.hibernate.SQL                        : 
    insert 
    into
        auth.role_permissions
        (created_at, created_by, granted, permission_id, role, updated_at, updated_by, id) 
    values
        (?, ?, ?, ?, ?, ?, ?, ?)
2026-01-07T01:00:43.706+09:00 DEBUG 23068 --- [pms-backend] [           main] org.hibernate.SQL                        : 
    insert 
    into
        auth.role_permissions
        (created_at, created_by, granted, permission_id, role, updated_at, updated_by, id) 
    values
        (?, ?, ?, ?, ?, ?, ?, ?)
2026-01-07T01:00:43.707+09:00 DEBUG 23068 --- [pms-backend] [           main] org.hibernate.SQL                        : 
    insert 
    into
        auth.role_permissions
        (created_at, created_by, granted, permission_id, role, updated_at, updated_by, id) 
    values
        (?, ?, ?, ?, ?, ?, ?, ?)
2026-01-07T01:00:43.707+09:00 DEBUG 23068 --- [pms-backend] [           main] org.hibernate.SQL                        : 
    insert 
    into
        auth.role_permissions
        (created_at, created_by, granted, permission_id, role, updated_at, updated_by, id) 
    values
        (?, ?, ?, ?, ?, ?, ?, ?)
2026-01-07T01:00:43.708+09:00 DEBUG 23068 --- [pms-backend] [           main] org.hibernate.SQL                        : 
    insert 
    into
        auth.role_permissions
        (created_at, created_by, granted, permission_id, role, updated_at, updated_by, id) 
    values
        (?, ?, ?, ?, ?, ?, ?, ?)
2026-01-07T01:00:43.708+09:00 DEBUG 23068 --- [pms-backend] [           main] org.hibernate.SQL                        : 
    insert 
    into
        auth.role_permissions
        (created_at, created_by, granted, permission_id, role, updated_at, updated_by, id) 
    values
        (?, ?, ?, ?, ?, ?, ?, ?)
2026-01-07T01:00:43.709+09:00 DEBUG 23068 --- [pms-backend] [           main] org.hibernate.SQL                        : 
    insert 
    into
        auth.role_permissions
        (created_at, created_by, granted, permission_id, role, updated_at, updated_by, id) 
    values
        (?, ?, ?, ?, ?, ?, ?, ?)
2026-01-07T01:00:43.709+09:00 DEBUG 23068 --- [pms-backend] [           main] org.hibernate.SQL                        : 
    insert 
    into
        auth.role_permissions
        (created_at, created_by, granted, permission_id, role, updated_at, updated_by, id) 
    values
        (?, ?, ?, ?, ?, ?, ?, ?)
2026-01-07T01:00:43.709+09:00 DEBUG 23068 --- [pms-backend] [           main] org.hibernate.SQL                        : 
    insert 
    into
        auth.role_permissions
        (created_at, created_by, granted, permission_id, role, updated_at, updated_by, id) 
    values
        (?, ?, ?, ?, ?, ?, ?, ?)
2026-01-07T01:00:43.710+09:00 DEBUG 23068 --- [pms-backend] [           main] org.hibernate.SQL                        : 
    insert 
    into
        auth.role_permissions
        (created_at, created_by, granted, permission_id, role, updated_at, updated_by, id) 
    values
        (?, ?, ?, ?, ?, ?, ?, ?)
2026-01-07T01:00:43.711+09:00 DEBUG 23068 --- [pms-backend] [           main] org.hibernate.SQL                        : 
    insert 
    into
        auth.role_permissions
        (created_at, created_by, granted, permission_id, role, updated_at, updated_by, id) 
    values
        (?, ?, ?, ?, ?, ?, ?, ?)
2026-01-07T01:00:43.711+09:00 DEBUG 23068 --- [pms-backend] [           main] org.hibernate.SQL                        : 
    insert 
    into
        auth.role_permissions
        (created_at, created_by, granted, permission_id, role, updated_at, updated_by, id) 
    values
        (?, ?, ?, ?, ?, ?, ?, ?)
2026-01-07T01:00:43.711+09:00 DEBUG 23068 --- [pms-backend] [           main] org.hibernate.SQL                        : 
    insert 
    into
        auth.role_permissions
        (created_at, created_by, granted, permission_id, role, updated_at, updated_by, id) 
    values
        (?, ?, ?, ?, ?, ?, ?, ?)
2026-01-07T01:00:43.712+09:00 DEBUG 23068 --- [pms-backend] [           main] org.hibernate.SQL                        : 
    insert 
    into
        auth.role_permissions
        (created_at, created_by, granted, permission_id, role, updated_at, updated_by, id) 
    values
        (?, ?, ?, ?, ?, ?, ?, ?)
2026-01-07T01:00:43.712+09:00 DEBUG 23068 --- [pms-backend] [           main] org.hibernate.SQL                        : 
    insert 
    into
        auth.role_permissions
        (created_at, created_by, granted, permission_id, role, updated_at, updated_by, id) 
    values
        (?, ?, ?, ?, ?, ?, ?, ?)
2026-01-07T01:00:43.713+09:00 DEBUG 23068 --- [pms-backend] [           main] org.hibernate.SQL                        : 
    insert 
    into
        auth.role_permissions
        (created_at, created_by, granted, permission_id, role, updated_at, updated_by, id) 
    values
        (?, ?, ?, ?, ?, ?, ?, ?)
2026-01-07T01:00:43.713+09:00 DEBUG 23068 --- [pms-backend] [           main] org.hibernate.SQL                        : 
    insert 
    into
        auth.role_permissions
        (created_at, created_by, granted, permission_id, role, updated_at, updated_by, id) 
    values
        (?, ?, ?, ?, ?, ?, ?, ?)
2026-01-07T01:00:43.714+09:00 DEBUG 23068 --- [pms-backend] [           main] org.hibernate.SQL                        : 
    insert 
    into
        auth.role_permissions
        (created_at, created_by, granted, permission_id, role, updated_at, updated_by, id) 
    values
        (?, ?, ?, ?, ?, ?, ?, ?)
2026-01-07T01:00:43.718+09:00 DEBUG 23068 --- [pms-backend] [           main] org.hibernate.SQL                        : 
    select
        count(*) 
    from
        auth.users u1_0
2026-01-07T01:00:43.719+09:00  INFO 23068 --- [pms-backend] [           main] c.i.pms.common.init.DataInitializer      : Initializing demo users...
2026-01-07T01:00:43.787+09:00 DEBUG 23068 --- [pms-backend] [           main] org.hibernate.SQL                        : 
    select
        u1_0.id,
        u1_0.active,
        u1_0.created_at,
        u1_0.created_by,
        u1_0.department,
        u1_0.email,
        u1_0.last_login_at,
        u1_0.name,
        u1_0.password,
        u1_0.role,
        u1_0.updated_at,
        u1_0.updated_by 
    from
        auth.users u1_0 
    where
        u1_0.id=?
2026-01-07T01:00:43.791+09:00 DEBUG 23068 --- [pms-backend] [           main] org.hibernate.SQL                        : 
    insert 
    into
        auth.users
        (active, created_at, created_by, department, email, last_login_at, name, password, role, updated_at, updated_by, id) 
    values
        (?, ?, ?, ?, ?, ?, ?, ?, ?, ?, ?, ?)
2026-01-07T01:00:43.859+09:00 DEBUG 23068 --- [pms-backend] [           main] org.hibernate.SQL                        : 
    select
        u1_0.id,
        u1_0.active,
        u1_0.created_at,
        u1_0.created_by,
        u1_0.department,
        u1_0.email,
        u1_0.last_login_at,
        u1_0.name,
        u1_0.password,
        u1_0.role,
        u1_0.updated_at,
        u1_0.updated_by 
    from
        auth.users u1_0 
    where
        u1_0.id=?
2026-01-07T01:00:43.860+09:00 DEBUG 23068 --- [pms-backend] [           main] org.hibernate.SQL                        : 
    insert 
    into
        auth.users
        (active, created_at, created_by, department, email, last_login_at, name, password, role, updated_at, updated_by, id) 
    values
        (?, ?, ?, ?, ?, ?, ?, ?, ?, ?, ?, ?)
2026-01-07T01:00:43.923+09:00 DEBUG 23068 --- [pms-backend] [           main] org.hibernate.SQL                        : 
    select
        u1_0.id,
        u1_0.active,
        u1_0.created_at,
        u1_0.created_by,
        u1_0.department,
        u1_0.email,
        u1_0.last_login_at,
        u1_0.name,
        u1_0.password,
        u1_0.role,
        u1_0.updated_at,
        u1_0.updated_by 
    from
        auth.users u1_0 
    where
        u1_0.id=?
2026-01-07T01:00:43.924+09:00 DEBUG 23068 --- [pms-backend] [           main] org.hibernate.SQL                        : 
    insert 
    into
        auth.users
        (active, created_at, created_by, department, email, last_login_at, name, password, role, updated_at, updated_by, id) 
    values
        (?, ?, ?, ?, ?, ?, ?, ?, ?, ?, ?, ?)
2026-01-07T01:00:43.988+09:00 DEBUG 23068 --- [pms-backend] [           main] org.hibernate.SQL                        : 
    select
        u1_0.id,
        u1_0.active,
        u1_0.created_at,
        u1_0.created_by,
        u1_0.department,
        u1_0.email,
        u1_0.last_login_at,
        u1_0.name,
        u1_0.password,
        u1_0.role,
        u1_0.updated_at,
        u1_0.updated_by 
    from
        auth.users u1_0 
    where
        u1_0.id=?
2026-01-07T01:00:43.990+09:00 DEBUG 23068 --- [pms-backend] [           main] org.hibernate.SQL                        : 
    insert 
    into
        auth.users
        (active, created_at, created_by, department, email, last_login_at, name, password, role, updated_at, updated_by, id) 
    values
        (?, ?, ?, ?, ?, ?, ?, ?, ?, ?, ?, ?)
2026-01-07T01:00:44.052+09:00 DEBUG 23068 --- [pms-backend] [           main] org.hibernate.SQL                        : 
    select
        u1_0.id,
        u1_0.active,
        u1_0.created_at,
        u1_0.created_by,
        u1_0.department,
        u1_0.email,
        u1_0.last_login_at,
        u1_0.name,
        u1_0.password,
        u1_0.role,
        u1_0.updated_at,
        u1_0.updated_by 
    from
        auth.users u1_0 
    where
        u1_0.id=?
2026-01-07T01:00:44.053+09:00 DEBUG 23068 --- [pms-backend] [           main] org.hibernate.SQL                        : 
    insert 
    into
        auth.users
        (active, created_at, created_by, department, email, last_login_at, name, password, role, updated_at, updated_by, id) 
    values
        (?, ?, ?, ?, ?, ?, ?, ?, ?, ?, ?, ?)
2026-01-07T01:00:44.116+09:00 DEBUG 23068 --- [pms-backend] [           main] org.hibernate.SQL                        : 
    select
        u1_0.id,
        u1_0.active,
        u1_0.created_at,
        u1_0.created_by,
        u1_0.department,
        u1_0.email,
        u1_0.last_login_at,
        u1_0.name,
        u1_0.password,
        u1_0.role,
        u1_0.updated_at,
        u1_0.updated_by 
    from
        auth.users u1_0 
    where
        u1_0.id=?
2026-01-07T01:00:44.117+09:00 DEBUG 23068 --- [pms-backend] [           main] org.hibernate.SQL                        : 
    insert 
    into
        auth.users
        (active, created_at, created_by, department, email, last_login_at, name, password, role, updated_at, updated_by, id) 
    values
        (?, ?, ?, ?, ?, ?, ?, ?, ?, ?, ?, ?)
2026-01-07T01:00:44.179+09:00 DEBUG 23068 --- [pms-backend] [           main] org.hibernate.SQL                        : 
    select
        u1_0.id,
        u1_0.active,
        u1_0.created_at,
        u1_0.created_by,
        u1_0.department,
        u1_0.email,
        u1_0.last_login_at,
        u1_0.name,
        u1_0.password,
        u1_0.role,
        u1_0.updated_at,
        u1_0.updated_by 
    from
        auth.users u1_0 
    where
        u1_0.id=?
2026-01-07T01:00:44.180+09:00 DEBUG 23068 --- [pms-backend] [           main] org.hibernate.SQL                        : 
    insert 
    into
        auth.users
        (active, created_at, created_by, department, email, last_login_at, name, password, role, updated_at, updated_by, id) 
    values
        (?, ?, ?, ?, ?, ?, ?, ?, ?, ?, ?, ?)
2026-01-07T01:00:44.245+09:00 DEBUG 23068 --- [pms-backend] [           main] org.hibernate.SQL                        : 
    select
        u1_0.id,
        u1_0.active,
        u1_0.created_at,
        u1_0.created_by,
        u1_0.department,
        u1_0.email,
        u1_0.last_login_at,
        u1_0.name,
        u1_0.password,
        u1_0.role,
        u1_0.updated_at,
        u1_0.updated_by 
    from
        auth.users u1_0 
    where
        u1_0.id=?
2026-01-07T01:00:44.246+09:00 DEBUG 23068 --- [pms-backend] [           main] org.hibernate.SQL                        : 
    insert 
    into
        auth.users
        (active, created_at, created_by, department, email, last_login_at, name, password, role, updated_at, updated_by, id) 
    values
        (?, ?, ?, ?, ?, ?, ?, ?, ?, ?, ?, ?)
2026-01-07T01:00:44.247+09:00  INFO 23068 --- [pms-backend] [           main] c.i.pms.common.init.DataInitializer      : Demo users created successfully
]]></system-out>
  </testcase>
</testsuite>